{"contracts/Invest.sol":{"l":{"11":27,"12":25,"33":1,"44":18,"45":14,"46":12,"50":12,"54":12,"55":12,"57":8,"59":8,"65":8,"66":8,"74":7,"75":5,"79":3,"80":1,"84":1,"85":1,"86":1,"88":1,"90":1,"93":1,"94":1,"98":1,"103":1,"107":9,"108":4,"114":5,"123":9,"127":9,"136":13,"143":13,"144":13,"145":13,"146":13,"154":13,"155":13,"156":13,"157":0,"158":0,"160":13,"161":11,"163":13,"164":11,"165":11,"167":11,"171":9,"173":2,"177":9,"178":0,"180":9,"181":9,"188":13,"189":13,"192":13,"202":0,"203":0,"204":0},"path":"/mnt/c/Users/swadh/ashwin/Poolz-Back/contracts/Invest.sol","s":{"1":27,"2":1,"3":18,"4":14,"5":12,"6":12,"7":12,"8":12,"9":8,"10":8,"11":8,"12":8,"13":7,"14":5,"15":3,"16":1,"17":1,"18":1,"19":1,"20":1,"21":1,"22":1,"23":1,"24":1,"25":1,"26":9,"27":4,"28":5,"29":9,"30":9,"31":2,"32":7,"33":13,"34":13,"35":13,"36":13,"37":13,"38":13,"39":13,"40":13,"41":0,"42":0,"43":13,"44":11,"45":13,"46":11,"47":11,"48":11,"49":9,"50":2,"51":9,"52":0,"53":9,"54":9,"55":13,"56":13,"57":0,"58":0,"59":0,"60":0},"b":{"1":[25,2],"2":[14,4],"3":[12,2],"4":[12,0],"5":[12,0],"6":[5,2],"7":[3,2],"8":[1,2],"9":[1,0],"10":[4,5],"11":[2,7],"12":[0,13],"13":[11,2],"14":[11,2],"15":[11,0],"16":[9,2],"17":[0,9],"18":[9,0],"19":[0,0]},"f":{"1":27,"2":21,"3":1,"4":18,"5":7,"6":9,"7":9,"8":13,"9":13,"10":9,"11":13,"12":0},"fnMap":{"1":{"name":"CheckTime","line":10,"loc":{"start":{"line":10,"column":4},"end":{"line":13,"column":4}}},"2":{"name":"constructor","line":16,"loc":{"start":{"line":16,"column":4},"end":{"line":18,"column":4}}},"3":{"name":"getTotalInvestor","line":32,"loc":{"start":{"line":32,"column":4},"end":{"line":34,"column":4}}},"4":{"name":"InvestETH","line":42,"loc":{"start":{"line":37,"column":4},"end":{"line":67,"column":4}}},"5":{"name":"InvestERC20","line":72,"loc":{"start":{"line":69,"column":4},"end":{"line":104,"column":4}}},"6":{"name":"TokenAllocate","line":106,"loc":{"start":{"line":106,"column":4},"end":{"line":116,"column":4}}},"7":{"name":"RegisterInvest","line":118,"loc":{"start":{"line":118,"column":4},"end":{"line":129,"column":4}}},"8":{"name":"NewInvestor","line":131,"loc":{"start":{"line":131,"column":4},"end":{"line":147,"column":4}}},"9":{"name":"CalcTokens","line":149,"loc":{"start":{"line":149,"column":4},"end":{"line":174,"column":4}}},"10":{"name":"CalcFee","line":176,"loc":{"start":{"line":176,"column":4},"end":{"line":184,"column":4}}},"11":{"name":"isContract","line":187,"loc":{"start":{"line":187,"column":4},"end":{"line":193,"column":4}}},"12":{"name":"IsWhiteList","line":197,"loc":{"start":{"line":197,"column":4},"end":{"line":205,"column":4}}}},"statementMap":{"1":{"start":{"line":11,"column":8},"end":{"line":11,"column":49}},"2":{"start":{"line":33,"column":8},"end":{"line":33,"column":29}},"3":{"start":{"line":44,"column":8},"end":{"line":44,"column":69}},"4":{"start":{"line":45,"column":8},"end":{"line":45,"column":87}},"5":{"start":{"line":46,"column":8},"end":{"line":46,"column":1538}},"6":{"start":{"line":50,"column":8},"end":{"line":50,"column":1676}},"7":{"start":{"line":54,"column":8},"end":{"line":54,"column":74}},"8":{"start":{"line":55,"column":8},"end":{"line":55,"column":67}},"9":{"start":{"line":57,"column":8},"end":{"line":57,"column":51}},"10":{"start":{"line":59,"column":8},"end":{"line":59,"column":2032}},"11":{"start":{"line":65,"column":8},"end":{"line":65,"column":73}},"12":{"start":{"line":66,"column":8},"end":{"line":66,"column":38}},"13":{"start":{"line":74,"column":8},"end":{"line":74,"column":71}},"14":{"start":{"line":75,"column":8},"end":{"line":75,"column":2623}},"15":{"start":{"line":79,"column":8},"end":{"line":79,"column":62}},"16":{"start":{"line":80,"column":8},"end":{"line":80,"column":2822}},"17":{"start":{"line":84,"column":8},"end":{"line":84,"column":77}},"18":{"start":{"line":85,"column":8},"end":{"line":85,"column":72}},"19":{"start":{"line":86,"column":8},"end":{"line":86,"column":65}},"20":{"start":{"line":88,"column":8},"end":{"line":88,"column":51}},"21":{"start":{"line":90,"column":8},"end":{"line":90,"column":3305}},"22":{"start":{"line":93,"column":8},"end":{"line":93,"column":77}},"23":{"start":{"line":94,"column":8},"end":{"line":94,"column":3427}},"24":{"start":{"line":98,"column":8},"end":{"line":98,"column":3583}},"25":{"start":{"line":103,"column":8},"end":{"line":103,"column":38}},"26":{"start":{"line":107,"column":8},"end":{"line":107,"column":3945}},"27":{"start":{"line":108,"column":12},"end":{"line":108,"column":3990}},"28":{"start":{"line":114,"column":12},"end":{"line":114,"column":106}},"29":{"start":{"line":123,"column":8},"end":{"line":123,"column":4547}},"30":{"start":{"line":127,"column":8},"end":{"line":127,"column":4714}},"31":{"start":{"line":127,"column":53},"end":{"line":127,"column":77}},"32":{"start":{"line":128,"column":13},"end":{"line":128,"column":37}},"33":{"start":{"line":136,"column":8},"end":{"line":136,"column":4942}},"34":{"start":{"line":143,"column":8},"end":{"line":143,"column":52}},"35":{"start":{"line":144,"column":8},"end":{"line":144,"column":54}},"36":{"start":{"line":145,"column":8},"end":{"line":145,"column":55}},"37":{"start":{"line":146,"column":8},"end":{"line":146,"column":46}},"38":{"start":{"line":154,"column":8},"end":{"line":154,"column":34}},"39":{"start":{"line":155,"column":8},"end":{"line":155,"column":26}},"40":{"start":{"line":156,"column":8},"end":{"line":156,"column":5521}},"41":{"start":{"line":157,"column":12},"end":{"line":157,"column":74}},"42":{"start":{"line":158,"column":12},"end":{"line":158,"column":72}},"43":{"start":{"line":160,"column":8},"end":{"line":160,"column":5740}},"44":{"start":{"line":161,"column":12},"end":{"line":161,"column":69}},"45":{"start":{"line":163,"column":8},"end":{"line":163,"column":5876}},"46":{"start":{"line":164,"column":12},"end":{"line":164,"column":5916}},"47":{"start":{"line":165,"column":16},"end":{"line":165,"column":52}},"48":{"start":{"line":167,"column":12},"end":{"line":167,"column":6041}},"49":{"start":{"line":171,"column":12},"end":{"line":171,"column":25}},"50":{"start":{"line":173,"column":8},"end":{"line":173,"column":48}},"51":{"start":{"line":177,"column":8},"end":{"line":177,"column":6340}},"52":{"start":{"line":178,"column":12},"end":{"line":178,"column":25}},"53":{"start":{"line":180,"column":8},"end":{"line":180,"column":6434}},"54":{"start":{"line":181,"column":12},"end":{"line":181,"column":22}},"55":{"start":{"line":188,"column":8},"end":{"line":188,"column":19}},"56":{"start":{"line":192,"column":8},"end":{"line":192,"column":25}},"57":{"start":{"line":202,"column":8},"end":{"line":202,"column":33}},"58":{"start":{"line":202,"column":22},"end":{"line":202,"column":33}},"59":{"start":{"line":203,"column":8},"end":{"line":203,"column":70}},"60":{"start":{"line":204,"column":8},"end":{"line":204,"column":19}}},"branchMap":{"1":{"line":11,"type":"if","locations":[{"start":{"line":11,"column":8},"end":{"line":11,"column":8}},{"start":{"line":11,"column":8},"end":{"line":11,"column":8}}]},"2":{"line":44,"type":"if","locations":[{"start":{"line":44,"column":8},"end":{"line":44,"column":8}},{"start":{"line":44,"column":8},"end":{"line":44,"column":8}}]},"3":{"line":45,"type":"if","locations":[{"start":{"line":45,"column":8},"end":{"line":45,"column":8}},{"start":{"line":45,"column":8},"end":{"line":45,"column":8}}]},"4":{"line":46,"type":"if","locations":[{"start":{"line":46,"column":8},"end":{"line":46,"column":8}},{"start":{"line":46,"column":8},"end":{"line":46,"column":8}}]},"5":{"line":50,"type":"if","locations":[{"start":{"line":50,"column":8},"end":{"line":50,"column":8}},{"start":{"line":50,"column":8},"end":{"line":50,"column":8}}]},"6":{"line":74,"type":"if","locations":[{"start":{"line":74,"column":8},"end":{"line":74,"column":8}},{"start":{"line":74,"column":8},"end":{"line":74,"column":8}}]},"7":{"line":75,"type":"if","locations":[{"start":{"line":75,"column":8},"end":{"line":75,"column":8}},{"start":{"line":75,"column":8},"end":{"line":75,"column":8}}]},"8":{"line":79,"type":"if","locations":[{"start":{"line":79,"column":8},"end":{"line":79,"column":8}},{"start":{"line":79,"column":8},"end":{"line":79,"column":8}}]},"9":{"line":80,"type":"if","locations":[{"start":{"line":80,"column":8},"end":{"line":80,"column":8}},{"start":{"line":80,"column":8},"end":{"line":80,"column":8}}]},"10":{"line":107,"type":"if","locations":[{"start":{"line":107,"column":8},"end":{"line":107,"column":8}},{"start":{"line":107,"column":8},"end":{"line":107,"column":8}}]},"11":{"line":127,"type":"if","locations":[{"start":{"line":127,"column":8},"end":{"line":127,"column":8}},{"start":{"line":127,"column":8},"end":{"line":127,"column":8}}]},"12":{"line":156,"type":"if","locations":[{"start":{"line":156,"column":8},"end":{"line":156,"column":8}},{"start":{"line":156,"column":8},"end":{"line":156,"column":8}}]},"13":{"line":160,"type":"if","locations":[{"start":{"line":160,"column":8},"end":{"line":160,"column":8}},{"start":{"line":160,"column":8},"end":{"line":160,"column":8}}]},"14":{"line":163,"type":"if","locations":[{"start":{"line":163,"column":8},"end":{"line":163,"column":8}},{"start":{"line":163,"column":8},"end":{"line":163,"column":8}}]},"15":{"line":164,"type":"if","locations":[{"start":{"line":164,"column":12},"end":{"line":164,"column":12}},{"start":{"line":164,"column":12},"end":{"line":164,"column":12}}]},"16":{"line":167,"type":"if","locations":[{"start":{"line":167,"column":12},"end":{"line":167,"column":12}},{"start":{"line":167,"column":12},"end":{"line":167,"column":12}}]},"17":{"line":177,"type":"if","locations":[{"start":{"line":177,"column":8},"end":{"line":177,"column":8}},{"start":{"line":177,"column":8},"end":{"line":177,"column":8}}]},"18":{"line":180,"type":"if","locations":[{"start":{"line":180,"column":8},"end":{"line":180,"column":8}},{"start":{"line":180,"column":8},"end":{"line":180,"column":8}}]},"19":{"line":202,"type":"if","locations":[{"start":{"line":202,"column":8},"end":{"line":202,"column":8}},{"start":{"line":202,"column":8},"end":{"line":202,"column":8}}]}}},"contracts/InvestorData.sol":{"l":{"9":2,"16":2,"17":1,"18":1,"19":1,"24":1,"29":1,"31":1,"36":1,"50":4},"path":"/mnt/c/Users/swadh/ashwin/Poolz-Back/contracts/InvestorData.sol","s":{"1":2,"2":2,"3":1,"4":1,"5":1,"6":1,"7":1,"8":1,"9":1,"10":4},"b":{"1":[1,1]},"f":{"1":2,"2":2,"3":1,"4":4},"fnMap":{"1":{"name":"IsReadyWithdrawInvestment","line":8,"loc":{"start":{"line":8,"column":4},"end":{"line":13,"column":4}}},"2":{"name":"WithdrawInvestment","line":15,"loc":{"start":{"line":15,"column":4},"end":{"line":32,"column":4}}},"3":{"name":"GetMyInvestmentIds","line":35,"loc":{"start":{"line":35,"column":4},"end":{"line":37,"column":4}}},"4":{"name":"GetInvestmentData","line":39,"loc":{"start":{"line":39,"column":4},"end":{"line":57,"column":4}}}},"statementMap":{"1":{"start":{"line":9,"column":8},"end":{"line":9,"column":333}},"2":{"start":{"line":16,"column":8},"end":{"line":16,"column":515}},"3":{"start":{"line":17,"column":12},"end":{"line":17,"column":51}},"4":{"start":{"line":18,"column":12},"end":{"line":18,"column":39}},"5":{"start":{"line":19,"column":12},"end":{"line":19,"column":664}},"6":{"start":{"line":24,"column":12},"end":{"line":24,"column":836}},"7":{"start":{"line":29,"column":12},"end":{"line":29,"column":23}},"8":{"start":{"line":31,"column":8},"end":{"line":31,"column":20}},"9":{"start":{"line":36,"column":8},"end":{"line":36,"column":39}},"10":{"start":{"line":50,"column":8},"end":{"line":50,"column":1475}}},"branchMap":{"1":{"line":16,"type":"if","locations":[{"start":{"line":16,"column":8},"end":{"line":16,"column":8}},{"start":{"line":16,"column":8},"end":{"line":16,"column":8}}]}}},"contracts/Manageable.sol":{"l":{"21":21,"24":21,"25":21,"26":21,"45":1,"49":1,"53":1,"57":29,"61":4,"65":1,"72":1,"73":1,"80":1,"81":1,"85":1,"94":1,"103":1},"path":"/mnt/c/Users/swadh/ashwin/Poolz-Back/contracts/Manageable.sol","s":{"1":21,"2":21,"3":21,"4":21,"5":1,"6":1,"7":1,"8":29,"9":4,"10":1,"11":1,"12":1,"13":1,"14":1,"15":1,"16":1,"17":1},"b":{},"f":{"1":21,"2":1,"3":1,"4":1,"5":29,"6":4,"7":1,"8":1,"9":1,"10":1,"11":1,"12":1},"fnMap":{"1":{"name":"constructor","line":20,"loc":{"start":{"line":20,"column":4},"end":{"line":28,"column":4}}},"2":{"name":"SwapTokenFilter","line":44,"loc":{"start":{"line":44,"column":4},"end":{"line":46,"column":4}}},"3":{"name":"setTokenWhitelistId","line":48,"loc":{"start":{"line":48,"column":4},"end":{"line":50,"column":4}}},"4":{"name":"setMCWhitelistId","line":52,"loc":{"start":{"line":52,"column":4},"end":{"line":54,"column":4}}},"5":{"name":"IsValidToken","line":56,"loc":{"start":{"line":56,"column":4},"end":{"line":58,"column":4}}},"6":{"name":"IsERC20Maincoin","line":60,"loc":{"start":{"line":60,"column":4},"end":{"line":62,"column":4}}},"7":{"name":"SetWhiteList_Address","line":64,"loc":{"start":{"line":64,"column":4},"end":{"line":66,"column":4}}},"8":{"name":"SetMinMaxETHInvest","line":70,"loc":{"start":{"line":68,"column":4},"end":{"line":74,"column":4}}},"9":{"name":"SetMinMaxDuration","line":78,"loc":{"start":{"line":76,"column":4},"end":{"line":82,"column":4}}},"10":{"name":"SetPoolPrice","line":84,"loc":{"start":{"line":84,"column":4},"end":{"line":86,"column":4}}},"11":{"name":"SetFee","line":92,"loc":{"start":{"line":88,"column":4},"end":{"line":95,"column":4}}},"12":{"name":"SetPOZFee","line":101,"loc":{"start":{"line":97,"column":4},"end":{"line":104,"column":4}}}},"statementMap":{"1":{"start":{"line":21,"column":8},"end":{"line":21,"column":15}},"2":{"start":{"line":24,"column":8},"end":{"line":24,"column":42}},"3":{"start":{"line":25,"column":8},"end":{"line":25,"column":27}},"4":{"start":{"line":26,"column":8},"end":{"line":26,"column":34}},"5":{"start":{"line":45,"column":8},"end":{"line":45,"column":41}},"6":{"start":{"line":49,"column":8},"end":{"line":49,"column":38}},"7":{"start":{"line":53,"column":8},"end":{"line":53,"column":35}},"8":{"start":{"line":57,"column":8},"end":{"line":57,"column":104}},"9":{"start":{"line":61,"column":8},"end":{"line":61,"column":99}},"10":{"start":{"line":65,"column":8},"end":{"line":65,"column":45}},"11":{"start":{"line":72,"column":8},"end":{"line":72,"column":35}},"12":{"start":{"line":73,"column":8},"end":{"line":73,"column":35}},"13":{"start":{"line":80,"column":8},"end":{"line":80,"column":33}},"14":{"start":{"line":81,"column":8},"end":{"line":81,"column":33}},"15":{"start":{"line":85,"column":8},"end":{"line":85,"column":29}},"16":{"start":{"line":94,"column":8},"end":{"line":94,"column":17}},"17":{"start":{"line":103,"column":8},"end":{"line":103,"column":20}}},"branchMap":{}},"contracts/Pools.sol":{"l":{"45":18,"61":31,"62":29,"63":27,"67":27,"68":27,"69":27,"73":23,"74":21,"75":21,"79":19,"80":15,"91":15,"112":15,"113":15,"114":15},"path":"/mnt/c/Users/swadh/ashwin/Poolz-Back/contracts/Pools.sol","s":{"1":18,"2":31,"3":29,"4":27,"5":27,"6":27,"7":27,"8":23,"9":21,"10":19,"11":21,"12":19,"13":15,"14":15,"15":15,"16":15,"17":15},"b":{"1":[29,2],"2":[27,2],"3":[27,0],"4":[27,0],"5":[27,0],"6":[23,4],"7":[21,2],"8":[19,2],"9":[19,2]},"f":{"1":21,"2":18,"3":31},"fnMap":{"1":{"name":"constructor","line":13,"loc":{"start":{"line":13,"column":4},"end":{"line":15,"column":4}}},"2":{"name":"isPoolLocked","line":44,"loc":{"start":{"line":44,"column":4},"end":{"line":46,"column":4}}},"3":{"name":"CreatePool","line":60,"loc":{"start":{"line":49,"column":4},"end":{"line":115,"column":4}}}},"statementMap":{"1":{"start":{"line":45,"column":8},"end":{"line":45,"column":52}},"2":{"start":{"line":61,"column":8},"end":{"line":61,"column":66}},"3":{"start":{"line":62,"column":8},"end":{"line":62,"column":62}},"4":{"start":{"line":63,"column":8},"end":{"line":63,"column":2901}},"5":{"start":{"line":67,"column":8},"end":{"line":67,"column":97}},"6":{"start":{"line":68,"column":8},"end":{"line":68,"column":97}},"7":{"start":{"line":69,"column":8},"end":{"line":69,"column":3234}},"8":{"start":{"line":73,"column":8},"end":{"line":73,"column":48}},"9":{"start":{"line":74,"column":8},"end":{"line":74,"column":34}},"10":{"start":{"line":74,"column":24},"end":{"line":74,"column":33}},"11":{"start":{"line":75,"column":8},"end":{"line":75,"column":3446}},"12":{"start":{"line":79,"column":8},"end":{"line":79,"column":56}},"13":{"start":{"line":80,"column":8},"end":{"line":80,"column":3669}},"14":{"start":{"line":91,"column":8},"end":{"line":91,"column":4028}},"15":{"start":{"line":112,"column":8},"end":{"line":112,"column":44}},"16":{"start":{"line":113,"column":8},"end":{"line":113,"column":40}},"17":{"start":{"line":114,"column":8},"end":{"line":114,"column":47}}},"branchMap":{"1":{"line":61,"type":"if","locations":[{"start":{"line":61,"column":8},"end":{"line":61,"column":8}},{"start":{"line":61,"column":8},"end":{"line":61,"column":8}}]},"2":{"line":62,"type":"if","locations":[{"start":{"line":62,"column":8},"end":{"line":62,"column":8}},{"start":{"line":62,"column":8},"end":{"line":62,"column":8}}]},"3":{"line":63,"type":"if","locations":[{"start":{"line":63,"column":8},"end":{"line":63,"column":8}},{"start":{"line":63,"column":8},"end":{"line":63,"column":8}}]},"4":{"line":67,"type":"if","locations":[{"start":{"line":67,"column":8},"end":{"line":67,"column":8}},{"start":{"line":67,"column":8},"end":{"line":67,"column":8}}]},"5":{"line":68,"type":"if","locations":[{"start":{"line":68,"column":8},"end":{"line":68,"column":8}},{"start":{"line":68,"column":8},"end":{"line":68,"column":8}}]},"6":{"line":69,"type":"if","locations":[{"start":{"line":69,"column":8},"end":{"line":69,"column":8}},{"start":{"line":69,"column":8},"end":{"line":69,"column":8}}]},"7":{"line":73,"type":"if","locations":[{"start":{"line":73,"column":8},"end":{"line":73,"column":8}},{"start":{"line":73,"column":8},"end":{"line":73,"column":8}}]},"8":{"line":74,"type":"if","locations":[{"start":{"line":74,"column":8},"end":{"line":74,"column":8}},{"start":{"line":74,"column":8},"end":{"line":74,"column":8}}]},"9":{"line":75,"type":"if","locations":[{"start":{"line":75,"column":8},"end":{"line":75,"column":8}},{"start":{"line":75,"column":8},"end":{"line":75,"column":8}}]}}},"contracts/PoolsData.sol":{"l":{"10":58,"11":57,"15":1,"31":1,"54":1,"74":1,"87":2,"96":2,"97":1,"98":1,"103":1,"105":1,"116":50,"117":49,"122":1,"124":48,"130":40,"132":8,"138":1,"140":7,"144":1,"146":6,"151":6,"152":6,"154":0,"161":0},"path":"/mnt/c/Users/swadh/ashwin/Poolz-Back/contracts/PoolsData.sol","s":{"1":58,"2":1,"3":1,"4":1,"5":1,"6":2,"7":2,"8":1,"9":1,"10":1,"11":1,"12":50,"13":1,"14":49,"15":1,"16":48,"17":40,"18":8,"19":1,"20":7,"21":1,"22":6,"23":6,"24":0,"25":6,"26":0,"27":0,"28":0},"b":{"1":[57,1],"2":[1,1],"3":[1,49],"4":[1,48],"5":[40,8],"6":[1,7],"7":[1,6],"8":[6,0],"9":[0,6],"10":[0,0]},"f":{"1":58,"2":1,"3":1,"4":1,"5":1,"6":2,"7":2,"8":50},"fnMap":{"1":{"name":"PoolId","line":9,"loc":{"start":{"line":9,"column":4},"end":{"line":12,"column":4}}},"2":{"name":"GetMyPoolsId","line":14,"loc":{"start":{"line":14,"column":4},"end":{"line":16,"column":4}}},"3":{"name":"GetPoolBaseData","line":21,"loc":{"start":{"line":18,"column":4},"end":{"line":39,"column":4}}},"4":{"name":"GetPoolMoreData","line":44,"loc":{"start":{"line":41,"column":4},"end":{"line":62,"column":4}}},"5":{"name":"GetPoolExtraData","line":67,"loc":{"start":{"line":64,"column":4},"end":{"line":79,"column":4}}},"6":{"name":"IsReadyWithdrawLeftOvers","line":84,"loc":{"start":{"line":81,"column":4},"end":{"line":91,"column":4}}},"7":{"name":"WithdrawLeftOvers","line":94,"loc":{"start":{"line":94,"column":4},"end":{"line":106,"column":4}}},"8":{"name":"GetPoolStatus","line":112,"loc":{"start":{"line":109,"column":4},"end":{"line":162,"column":4}}}},"statementMap":{"1":{"start":{"line":10,"column":8},"end":{"line":10,"column":67}},"2":{"start":{"line":15,"column":8},"end":{"line":15,"column":35}},"3":{"start":{"line":31,"column":8},"end":{"line":31,"column":714}},"4":{"start":{"line":54,"column":8},"end":{"line":54,"column":1241}},"5":{"start":{"line":74,"column":8},"end":{"line":74,"column":1732}},"6":{"start":{"line":87,"column":8},"end":{"line":87,"column":2077}},"7":{"start":{"line":96,"column":8},"end":{"line":96,"column":2432}},"8":{"start":{"line":97,"column":12},"end":{"line":97,"column":55}},"9":{"start":{"line":98,"column":12},"end":{"line":98,"column":2547}},"10":{"start":{"line":103,"column":12},"end":{"line":103,"column":23}},"11":{"start":{"line":105,"column":8},"end":{"line":105,"column":20}},"12":{"start":{"line":116,"column":8},"end":{"line":116,"column":74}},"13":{"start":{"line":116,"column":49},"end":{"line":116,"column":74}},"14":{"start":{"line":117,"column":8},"end":{"line":117,"column":3100}},"15":{"start":{"line":122,"column":12},"end":{"line":122,"column":39}},"16":{"start":{"line":124,"column":8},"end":{"line":124,"column":3321}},"17":{"start":{"line":130,"column":12},"end":{"line":130,"column":36}},"18":{"start":{"line":132,"column":8},"end":{"line":132,"column":3587}},"19":{"start":{"line":138,"column":12},"end":{"line":138,"column":42}},"20":{"start":{"line":140,"column":8},"end":{"line":140,"column":3844}},"21":{"start":{"line":144,"column":12},"end":{"line":144,"column":37}},"22":{"start":{"line":146,"column":8},"end":{"line":146,"column":4023}},"23":{"start":{"line":151,"column":12},"end":{"line":151,"column":76}},"24":{"start":{"line":151,"column":51},"end":{"line":151,"column":76}},"25":{"start":{"line":152,"column":12},"end":{"line":152,"column":40}},"26":{"start":{"line":154,"column":8},"end":{"line":154,"column":4335}},"27":{"start":{"line":160,"column":10},"end":{"line":160,"column":35}},"28":{"start":{"line":161,"column":8},"end":{"line":161,"column":36}}},"branchMap":{"1":{"line":10,"type":"if","locations":[{"start":{"line":10,"column":8},"end":{"line":10,"column":8}},{"start":{"line":10,"column":8},"end":{"line":10,"column":8}}]},"2":{"line":96,"type":"if","locations":[{"start":{"line":96,"column":8},"end":{"line":96,"column":8}},{"start":{"line":96,"column":8},"end":{"line":96,"column":8}}]},"3":{"line":116,"type":"if","locations":[{"start":{"line":116,"column":8},"end":{"line":116,"column":8}},{"start":{"line":116,"column":8},"end":{"line":116,"column":8}}]},"4":{"line":117,"type":"if","locations":[{"start":{"line":117,"column":8},"end":{"line":117,"column":8}},{"start":{"line":117,"column":8},"end":{"line":117,"column":8}}]},"5":{"line":124,"type":"if","locations":[{"start":{"line":124,"column":8},"end":{"line":124,"column":8}},{"start":{"line":124,"column":8},"end":{"line":124,"column":8}}]},"6":{"line":132,"type":"if","locations":[{"start":{"line":132,"column":8},"end":{"line":132,"column":8}},{"start":{"line":132,"column":8},"end":{"line":132,"column":8}}]},"7":{"line":140,"type":"if","locations":[{"start":{"line":140,"column":8},"end":{"line":140,"column":8}},{"start":{"line":140,"column":8},"end":{"line":140,"column":8}}]},"8":{"line":146,"type":"if","locations":[{"start":{"line":146,"column":8},"end":{"line":146,"column":8}},{"start":{"line":146,"column":8},"end":{"line":146,"column":8}}]},"9":{"line":151,"type":"if","locations":[{"start":{"line":151,"column":12},"end":{"line":151,"column":12}},{"start":{"line":151,"column":12},"end":{"line":151,"column":12}}]},"10":{"line":154,"type":"if","locations":[{"start":{"line":154,"column":8},"end":{"line":154,"column":8}},{"start":{"line":154,"column":8},"end":{"line":154,"column":8}}]}}},"contracts/ThePoolz.sol":{"l":{"10":1,"14":1,"15":1,"16":1},"path":"/mnt/c/Users/swadh/ashwin/Poolz-Back/contracts/ThePoolz.sol","s":{"1":1,"2":1,"3":1,"4":1},"b":{},"f":{"1":21,"2":1,"3":1},"fnMap":{"1":{"name":"constructor","line":7,"loc":{"start":{"line":7,"column":4},"end":{"line":7,"column":30}}},"2":{"name":"WithdrawETHFee","line":9,"loc":{"start":{"line":9,"column":4},"end":{"line":11,"column":4}}},"3":{"name":"WithdrawERC20Fee","line":13,"loc":{"start":{"line":13,"column":4},"end":{"line":17,"column":4}}}},"statementMap":{"1":{"start":{"line":10,"column":8},"end":{"line":10,"column":42}},"2":{"start":{"line":14,"column":8},"end":{"line":14,"column":37}},"3":{"start":{"line":15,"column":8},"end":{"line":15,"column":25}},"4":{"start":{"line":16,"column":8},"end":{"line":16,"column":39}}},"branchMap":{}},"contracts/Token.sol":{"l":{"21":24,"22":24,"27":2},"path":"/mnt/c/Users/swadh/ashwin/Poolz-Back/contracts/Token.sol","s":{"1":24,"2":24,"3":2},"b":{},"f":{"1":24,"2":2},"fnMap":{"1":{"name":"constructor","line":20,"loc":{"start":{"line":20,"column":4},"end":{"line":24,"column":4}}},"2":{"name":"FreeTest","line":26,"loc":{"start":{"line":26,"column":4},"end":{"line":28,"column":4}}}},"statementMap":{"1":{"start":{"line":21,"column":8},"end":{"line":21,"column":24}},"2":{"start":{"line":22,"column":8},"end":{"line":22,"column":39}},"3":{"start":{"line":27,"column":8},"end":{"line":27,"column":33}}},"branchMap":{}}}