{"contracts\\ERC20Helper.sol":{"l":{"15":7,"23":3,"24":3,"27":0,"30":3,"31":3,"34":4,"35":0},"path":"C:\\Users\\Administrator\\Desktop\\Code\\Poolz\\contracts\\ERC20Helper.sol","s":{"1":7,"2":4,"3":3,"4":3,"5":0,"6":3,"7":3,"8":4,"9":4,"10":0},"b":{"1":[3,4],"2":[4,0]},"f":{"1":7,"2":3,"3":0,"4":3,"5":4},"fnMap":{"1":{"name":"TestAllownce","line":10,"loc":{"start":{"line":10,"column":4},"end":{"line":17,"column":4}}},"2":{"name":"TransferToken","line":18,"loc":{"start":{"line":18,"column":4},"end":{"line":25,"column":4}}},"3":{"name":"CheckBalance","line":26,"loc":{"start":{"line":26,"column":4},"end":{"line":28,"column":4}}},"4":{"name":"TransferInToken","line":29,"loc":{"start":{"line":29,"column":4},"end":{"line":32,"column":4}}},"5":{"name":"IsERC20","line":33,"loc":{"start":{"line":33,"column":4},"end":{"line":36,"column":4}}}},"statementMap":{"1":{"start":{"line":15,"column":8},"end":{"line":15,"column":444}},"2":{"start":{"line":16,"column":13},"end":{"line":16,"column":33}},"3":{"start":{"line":23,"column":8},"end":{"line":23,"column":52}},"4":{"start":{"line":24,"column":8},"end":{"line":24,"column":49}},"5":{"start":{"line":27,"column":10},"end":{"line":27,"column":50}},"6":{"start":{"line":30,"column":8},"end":{"line":30,"column":67}},"7":{"start":{"line":31,"column":8},"end":{"line":31,"column":50}},"8":{"start":{"line":34,"column":8},"end":{"line":34,"column":66}},"9":{"start":{"line":34,"column":55},"end":{"line":34,"column":66}},"10":{"start":{"line":35,"column":8},"end":{"line":35,"column":20}}},"branchMap":{"1":{"line":15,"type":"if","locations":[{"start":{"line":15,"column":8},"end":{"line":15,"column":8}},{"start":{"line":15,"column":8},"end":{"line":15,"column":8}}]},"2":{"line":34,"type":"if","locations":[{"start":{"line":34,"column":8},"end":{"line":34,"column":8}},{"start":{"line":34,"column":8},"end":{"line":34,"column":8}}]}}},"contracts\\ETHHelper.sol":{"l":{"8":4,"9":4,"12":2,"13":2,"14":2,"20":3,"30":1,"37":1,"40":1,"44":1,"48":2,"49":2},"path":"C:\\Users\\Administrator\\Desktop\\Code\\Poolz\\contracts\\ETHHelper.sol","s":{"1":4,"2":4,"3":2,"4":2,"5":0,"6":3,"7":2,"8":1,"9":1,"10":1,"11":1,"12":2,"13":2},"b":{"1":[2,0],"2":[2,1]},"f":{"1":4,"2":2,"3":3,"4":1,"5":1,"6":1,"7":1,"8":2},"fnMap":{"1":{"name":"constructor","line":7,"loc":{"start":{"line":7,"column":4},"end":{"line":10,"column":4}}},"2":{"name":"ReceivETH","line":11,"loc":{"start":{"line":11,"column":4},"end":{"line":17,"column":4}}},"3":{"name":"","line":19,"loc":{"start":{"line":19,"column":4},"end":{"line":21,"column":4}}},"4":{"name":"GetIsPayble","line":29,"loc":{"start":{"line":29,"column":5},"end":{"line":31,"column":4}}},"5":{"name":"SwitchIsPayble","line":35,"loc":{"start":{"line":33,"column":4},"end":{"line":38,"column":4}}},"6":{"name":"GetMinETH","line":39,"loc":{"start":{"line":39,"column":8},"end":{"line":41,"column":4}}},"7":{"name":"SetMinETH","line":43,"loc":{"start":{"line":43,"column":4},"end":{"line":45,"column":4}}},"8":{"name":"TransferETH","line":47,"loc":{"start":{"line":47,"column":4},"end":{"line":50,"column":4}}}},"statementMap":{"1":{"start":{"line":8,"column":8},"end":{"line":8,"column":23}},"2":{"start":{"line":9,"column":8},"end":{"line":9,"column":21}},"3":{"start":{"line":12,"column":8},"end":{"line":12,"column":323}},"4":{"start":{"line":13,"column":13},"end":{"line":13,"column":51}},"5":{"start":{"line":16,"column":13},"end":{"line":16,"column":40}},"6":{"start":{"line":20,"column":8},"end":{"line":20,"column":31}},"7":{"start":{"line":20,"column":23},"end":{"line":20,"column":30}},"8":{"start":{"line":30,"column":8},"end":{"line":30,"column":23}},"9":{"start":{"line":37,"column":8},"end":{"line":37,"column":27}},"10":{"start":{"line":40,"column":8},"end":{"line":40,"column":21}},"11":{"start":{"line":44,"column":8},"end":{"line":44,"column":23}},"12":{"start":{"line":48,"column":8},"end":{"line":48,"column":47}},"13":{"start":{"line":49,"column":8},"end":{"line":49,"column":34}}},"branchMap":{"1":{"line":12,"type":"if","locations":[{"start":{"line":12,"column":8},"end":{"line":12,"column":8}},{"start":{"line":12,"column":8},"end":{"line":12,"column":8}}]},"2":{"line":20,"type":"if","locations":[{"start":{"line":20,"column":8},"end":{"line":20,"column":8}},{"start":{"line":20,"column":8},"end":{"line":20,"column":8}}]}}},"contracts\\Invest.sol":{"l":{"10":4,"32":2,"33":2,"34":2,"42":2,"43":2,"44":2,"45":2,"46":2,"52":0,"56":0,"57":0,"63":0,"65":0,"69":0,"70":0,"71":0,"78":2,"82":2,"83":0,"89":2,"91":2,"95":2,"99":2,"100":2,"103":0,"107":3,"108":3,"112":3,"113":3,"114":1,"122":1,"123":1,"124":1,"125":1,"126":1,"132":0,"136":0,"137":0,"143":0,"145":0,"149":0,"150":0,"151":0,"156":0,"157":0,"163":1,"167":1,"168":1,"174":0,"176":1,"180":1,"181":1,"182":1,"187":1,"188":1,"191":0},"path":"C:\\Users\\Administrator\\Desktop\\Code\\Poolz\\contracts\\Invest.sol","s":{"1":4,"2":2,"3":2,"4":2,"5":2,"6":2,"7":2,"8":2,"9":2,"10":0,"11":0,"12":0,"13":0,"14":0,"15":0,"16":0,"17":0,"18":0,"19":2,"20":2,"21":2,"22":0,"23":2,"24":2,"25":2,"26":2,"27":0,"28":2,"29":0,"30":3,"31":3,"32":3,"33":3,"34":1,"35":1,"36":1,"37":1,"38":1,"39":0,"40":0,"41":0,"42":0,"43":0,"44":0,"45":0,"46":0,"47":0,"48":0,"49":0,"50":1,"51":1,"52":1,"53":1,"54":0,"55":1,"56":1,"57":1,"58":1,"59":1,"60":1,"61":1,"62":0},"b":{"1":[2,0],"2":[2,0],"3":[0,2],"4":[0,0],"5":[0,0],"6":[2,0],"7":[0,2],"8":[0,2],"9":[3,0],"10":[3,0],"11":[3,0],"12":[0,1],"13":[0,0],"14":[0,0],"15":[1,0],"16":[1,0],"17":[1,0]},"f":{"1":4,"2":2,"3":3},"fnMap":{"1":{"name":"constructor","line":9,"loc":{"start":{"line":9,"column":4},"end":{"line":11,"column":4}}},"2":{"name":"InvestETH","line":30,"loc":{"start":{"line":27,"column":4},"end":{"line":104,"column":4}}},"3":{"name":"InvestERC20","line":106,"loc":{"start":{"line":106,"column":4},"end":{"line":192,"column":4}}}},"statementMap":{"1":{"start":{"line":10,"column":8},"end":{"line":10,"column":25}},"2":{"start":{"line":32,"column":8},"end":{"line":32,"column":53}},"3":{"start":{"line":33,"column":8},"end":{"line":33,"column":78}},"4":{"start":{"line":34,"column":8},"end":{"line":34,"column":1266}},"5":{"start":{"line":42,"column":8},"end":{"line":42,"column":52}},"6":{"start":{"line":43,"column":8},"end":{"line":43,"column":54}},"7":{"start":{"line":44,"column":8},"end":{"line":44,"column":78}},"8":{"start":{"line":45,"column":8},"end":{"line":45,"column":75}},"9":{"start":{"line":46,"column":8},"end":{"line":46,"column":1754}},"10":{"start":{"line":52,"column":12},"end":{"line":52,"column":2015}},"11":{"start":{"line":56,"column":12},"end":{"line":56,"column":2160}},"12":{"start":{"line":57,"column":16},"end":{"line":57,"column":2212}},"13":{"start":{"line":63,"column":16},"end":{"line":63,"column":76}},"14":{"start":{"line":65,"column":12},"end":{"line":65,"column":2566}},"15":{"start":{"line":69,"column":12},"end":{"line":69,"column":62}},"16":{"start":{"line":70,"column":12},"end":{"line":70,"column":72}},"17":{"start":{"line":70,"column":48},"end":{"line":70,"column":72}},"18":{"start":{"line":71,"column":12},"end":{"line":71,"column":18}},"19":{"start":{"line":73,"column":13},"end":{"line":73,"column":2956}},"20":{"start":{"line":78,"column":12},"end":{"line":78,"column":3169}},"21":{"start":{"line":82,"column":12},"end":{"line":82,"column":3314}},"22":{"start":{"line":83,"column":16},"end":{"line":83,"column":3366}},"23":{"start":{"line":89,"column":16},"end":{"line":89,"column":76}},"24":{"start":{"line":91,"column":12},"end":{"line":91,"column":3722}},"25":{"start":{"line":95,"column":12},"end":{"line":95,"column":3877}},"26":{"start":{"line":99,"column":12},"end":{"line":99,"column":72}},"27":{"start":{"line":99,"column":48},"end":{"line":99,"column":72}},"28":{"start":{"line":100,"column":12},"end":{"line":100,"column":18}},"29":{"start":{"line":103,"column":8},"end":{"line":103,"column":41}},"30":{"start":{"line":107,"column":8},"end":{"line":107,"column":53}},"31":{"start":{"line":108,"column":8},"end":{"line":108,"column":4406}},"32":{"start":{"line":112,"column":8},"end":{"line":112,"column":62}},"33":{"start":{"line":113,"column":8},"end":{"line":113,"column":66}},"34":{"start":{"line":114,"column":8},"end":{"line":114,"column":4673}},"35":{"start":{"line":122,"column":8},"end":{"line":122,"column":52}},"36":{"start":{"line":124,"column":8},"end":{"line":124,"column":76}},"37":{"start":{"line":125,"column":8},"end":{"line":125,"column":73}},"38":{"start":{"line":126,"column":8},"end":{"line":126,"column":5124}},"39":{"start":{"line":132,"column":12},"end":{"line":132,"column":5410}},"40":{"start":{"line":136,"column":12},"end":{"line":136,"column":5555}},"41":{"start":{"line":137,"column":15},"end":{"line":137,"column":5606}},"42":{"start":{"line":143,"column":16},"end":{"line":143,"column":76}},"43":{"start":{"line":145,"column":12},"end":{"line":145,"column":5960}},"44":{"start":{"line":149,"column":12},"end":{"line":149,"column":68}},"45":{"start":{"line":150,"column":12},"end":{"line":150,"column":98}},"46":{"start":{"line":151,"column":12},"end":{"line":151,"column":6332}},"47":{"start":{"line":156,"column":12},"end":{"line":156,"column":72}},"48":{"start":{"line":156,"column":48},"end":{"line":156,"column":72}},"49":{"start":{"line":157,"column":12},"end":{"line":157,"column":18}},"50":{"start":{"line":158,"column":15},"end":{"line":158,"column":6646}},"51":{"start":{"line":163,"column":12},"end":{"line":163,"column":6859}},"52":{"start":{"line":167,"column":12},"end":{"line":167,"column":7003}},"53":{"start":{"line":168,"column":15},"end":{"line":168,"column":7054}},"54":{"start":{"line":174,"column":16},"end":{"line":174,"column":76}},"55":{"start":{"line":176,"column":12},"end":{"line":176,"column":7410}},"56":{"start":{"line":180,"column":12},"end":{"line":180,"column":82}},"57":{"start":{"line":181,"column":12},"end":{"line":181,"column":105}},"58":{"start":{"line":182,"column":12},"end":{"line":182,"column":7740}},"59":{"start":{"line":187,"column":12},"end":{"line":187,"column":72}},"60":{"start":{"line":187,"column":48},"end":{"line":187,"column":72}},"61":{"start":{"line":188,"column":12},"end":{"line":188,"column":18}},"62":{"start":{"line":191,"column":8},"end":{"line":191,"column":41}}},"branchMap":{"1":{"line":32,"type":"if","locations":[{"start":{"line":32,"column":8},"end":{"line":32,"column":8}},{"start":{"line":32,"column":8},"end":{"line":32,"column":8}}]},"2":{"line":33,"type":"if","locations":[{"start":{"line":33,"column":8},"end":{"line":33,"column":8}},{"start":{"line":33,"column":8},"end":{"line":33,"column":8}}]},"3":{"line":46,"type":"if","locations":[{"start":{"line":46,"column":8},"end":{"line":46,"column":8}},{"start":{"line":46,"column":8},"end":{"line":46,"column":8}}]},"4":{"line":56,"type":"if","locations":[{"start":{"line":56,"column":12},"end":{"line":56,"column":12}},{"start":{"line":56,"column":12},"end":{"line":56,"column":12}}]},"5":{"line":70,"type":"if","locations":[{"start":{"line":70,"column":12},"end":{"line":70,"column":12}},{"start":{"line":70,"column":12},"end":{"line":70,"column":12}}]},"6":{"line":73,"type":"if","locations":[{"start":{"line":73,"column":13},"end":{"line":73,"column":13}},{"start":{"line":73,"column":13},"end":{"line":73,"column":13}}]},"7":{"line":82,"type":"if","locations":[{"start":{"line":82,"column":12},"end":{"line":82,"column":12}},{"start":{"line":82,"column":12},"end":{"line":82,"column":12}}]},"8":{"line":99,"type":"if","locations":[{"start":{"line":99,"column":12},"end":{"line":99,"column":12}},{"start":{"line":99,"column":12},"end":{"line":99,"column":12}}]},"9":{"line":107,"type":"if","locations":[{"start":{"line":107,"column":8},"end":{"line":107,"column":8}},{"start":{"line":107,"column":8},"end":{"line":107,"column":8}}]},"10":{"line":108,"type":"if","locations":[{"start":{"line":108,"column":8},"end":{"line":108,"column":8}},{"start":{"line":108,"column":8},"end":{"line":108,"column":8}}]},"11":{"line":112,"type":"if","locations":[{"start":{"line":112,"column":8},"end":{"line":112,"column":8}},{"start":{"line":112,"column":8},"end":{"line":112,"column":8}}]},"12":{"line":126,"type":"if","locations":[{"start":{"line":126,"column":8},"end":{"line":126,"column":8}},{"start":{"line":126,"column":8},"end":{"line":126,"column":8}}]},"13":{"line":136,"type":"if","locations":[{"start":{"line":136,"column":12},"end":{"line":136,"column":12}},{"start":{"line":136,"column":12},"end":{"line":136,"column":12}}]},"14":{"line":156,"type":"if","locations":[{"start":{"line":156,"column":12},"end":{"line":156,"column":12}},{"start":{"line":156,"column":12},"end":{"line":156,"column":12}}]},"15":{"line":158,"type":"if","locations":[{"start":{"line":158,"column":15},"end":{"line":158,"column":15}},{"start":{"line":158,"column":15},"end":{"line":158,"column":15}}]},"16":{"line":167,"type":"if","locations":[{"start":{"line":167,"column":12},"end":{"line":167,"column":12}},{"start":{"line":167,"column":12},"end":{"line":167,"column":12}}]},"17":{"line":187,"type":"if","locations":[{"start":{"line":187,"column":12},"end":{"line":187,"column":12}},{"start":{"line":187,"column":12},"end":{"line":187,"column":12}}]}}},"contracts\\InvestorData.sol":{"l":{"9":5,"14":0,"19":0,"23":0,"24":0,"26":5,"31":1,"46":0,"50":0},"path":"C:\\Users\\Administrator\\Desktop\\Code\\Poolz\\contracts\\InvestorData.sol","s":{"1":5,"2":0,"3":0,"4":0,"5":0,"6":5,"7":1,"8":0,"9":0},"b":{"1":[0,5],"2":[0,0]},"f":{"1":5,"2":1,"3":0},"fnMap":{"1":{"name":"WithdrawInvestment","line":8,"loc":{"start":{"line":8,"column":4},"end":{"line":27,"column":4}}},"2":{"name":"GetMyInvestmentIds","line":30,"loc":{"start":{"line":30,"column":4},"end":{"line":32,"column":4}}},"3":{"name":"GetInvestmentData","line":34,"loc":{"start":{"line":34,"column":4},"end":{"line":58,"column":4}}}},"statementMap":{"1":{"start":{"line":9,"column":8},"end":{"line":9,"column":270}},"2":{"start":{"line":14,"column":12},"end":{"line":14,"column":461}},"3":{"start":{"line":19,"column":12},"end":{"line":19,"column":649}},"4":{"start":{"line":23,"column":12},"end":{"line":23,"column":39}},"5":{"start":{"line":24,"column":12},"end":{"line":24,"column":23}},"6":{"start":{"line":26,"column":8},"end":{"line":26,"column":20}},"7":{"start":{"line":31,"column":8},"end":{"line":31,"column":39}},"8":{"start":{"line":46,"column":8},"end":{"line":46,"column":1368}},"9":{"start":{"line":50,"column":8},"end":{"line":50,"column":1529}}},"branchMap":{"1":{"line":9,"type":"if","locations":[{"start":{"line":9,"column":8},"end":{"line":9,"column":8}},{"start":{"line":9,"column":8},"end":{"line":9,"column":8}}]},"2":{"line":46,"type":"if","locations":[{"start":{"line":46,"column":8},"end":{"line":46,"column":8}},{"start":{"line":46,"column":8},"end":{"line":46,"column":8}}]}}},"contracts\\IPozBenefit.sol":{"l":{},"path":"C:\\Users\\Administrator\\Desktop\\Code\\Poolz\\contracts\\IPozBenefit.sol","s":{},"b":{},"f":{},"fnMap":{},"statementMap":{},"branchMap":{}},"contracts\\MainCoinManager.sol":{"l":{"15":3,"16":3,"20":1,"21":1,"25":6},"path":"C:\\Users\\Administrator\\Desktop\\Code\\Poolz\\contracts\\MainCoinManager.sol","s":{"1":3,"2":3,"3":1,"4":1,"5":6},"b":{},"f":{"1":3,"2":1,"3":6},"fnMap":{"1":{"name":"AddERC20Maincoin","line":14,"loc":{"start":{"line":14,"column":4},"end":{"line":17,"column":4}}},"2":{"name":"RemoveERC20Maincoin","line":19,"loc":{"start":{"line":19,"column":4},"end":{"line":22,"column":4}}},"3":{"name":"IsERC20Maincoin","line":24,"loc":{"start":{"line":24,"column":4},"end":{"line":26,"column":4}}}},"statementMap":{"1":{"start":{"line":15,"column":8},"end":{"line":15,"column":34}},"2":{"start":{"line":16,"column":8},"end":{"line":16,"column":36}},"3":{"start":{"line":20,"column":8},"end":{"line":20,"column":36}},"4":{"start":{"line":21,"column":8},"end":{"line":21,"column":37}},"5":{"start":{"line":25,"column":8},"end":{"line":25,"column":37}}},"branchMap":{}},"contracts\\Managable.sol":{"l":{"9":4,"10":4,"18":0,"22":1,"26":1,"29":1,"35":1,"44":1,"48":0,"52":0,"53":0},"path":"C:\\Users\\Administrator\\Desktop\\Code\\Poolz\\contracts\\Managable.sol","s":{"1":4,"2":4,"3":0,"4":1,"5":1,"6":1,"7":1,"8":1,"9":0,"10":0,"11":0},"b":{},"f":{"1":4,"2":0,"3":1,"4":1,"5":1,"6":1,"7":1,"8":0,"9":0},"fnMap":{"1":{"name":"constructor","line":8,"loc":{"start":{"line":8,"column":4},"end":{"line":11,"column":4}}},"2":{"name":"TimerCheckOk","line":17,"loc":{"start":{"line":17,"column":4},"end":{"line":19,"column":4}}},"3":{"name":"GetMinDuration","line":21,"loc":{"start":{"line":21,"column":4},"end":{"line":23,"column":4}}},"4":{"name":"SetMinDuration","line":25,"loc":{"start":{"line":25,"column":4},"end":{"line":27,"column":4}}},"5":{"name":"GetFee","line":28,"loc":{"start":{"line":28,"column":8},"end":{"line":30,"column":4}}},"6":{"name":"SetFee","line":34,"loc":{"start":{"line":32,"column":4},"end":{"line":36,"column":4}}},"7":{"name":"SetPOZFee","line":42,"loc":{"start":{"line":38,"column":4},"end":{"line":45,"column":4}}},"8":{"name":"WithdrawETHFee","line":47,"loc":{"start":{"line":47,"column":4},"end":{"line":49,"column":4}}},"9":{"name":"WithdrawERC20Fee","line":51,"loc":{"start":{"line":51,"column":4},"end":{"line":54,"column":4}}}},"statementMap":{"1":{"start":{"line":9,"column":8},"end":{"line":9,"column":15}},"2":{"start":{"line":10,"column":8},"end":{"line":10,"column":22}},"3":{"start":{"line":18,"column":8},"end":{"line":18,"column":31}},"4":{"start":{"line":22,"column":8},"end":{"line":22,"column":26}},"5":{"start":{"line":26,"column":8},"end":{"line":26,"column":33}},"6":{"start":{"line":29,"column":8},"end":{"line":29,"column":18}},"7":{"start":{"line":35,"column":8},"end":{"line":35,"column":17}},"8":{"start":{"line":44,"column":8},"end":{"line":44,"column":20}},"9":{"start":{"line":48,"column":8},"end":{"line":48,"column":42}},"10":{"start":{"line":52,"column":8},"end":{"line":52,"column":50}},"11":{"start":{"line":53,"column":8},"end":{"line":53,"column":25}}},"branchMap":{}},"contracts\\Pools.sol":{"l":{"13":4,"36":2,"49":4,"50":4,"54":4,"55":4,"59":4,"60":2,"73":2,"88":2,"89":2,"90":2},"path":"C:\\Users\\Administrator\\Desktop\\Code\\Poolz\\contracts\\Pools.sol","s":{"1":4,"2":2,"3":4,"4":4,"5":4,"6":4,"7":4,"8":2,"9":2,"10":2,"11":2,"12":2},"b":{"1":[4,0],"2":[4,0],"3":[4,0],"4":[4,0]},"f":{"1":4,"2":2,"3":4},"fnMap":{"1":{"name":"constructor","line":12,"loc":{"start":{"line":12,"column":4},"end":{"line":14,"column":4}}},"2":{"name":"GetLastPoolId","line":35,"loc":{"start":{"line":35,"column":4},"end":{"line":37,"column":4}}},"3":{"name":"CreatePool","line":40,"loc":{"start":{"line":40,"column":4},"end":{"line":91,"column":4}}}},"statementMap":{"1":{"start":{"line":13,"column":8},"end":{"line":13,"column":21}},"2":{"start":{"line":36,"column":8},"end":{"line":36,"column":25}},"3":{"start":{"line":49,"column":8},"end":{"line":49,"column":57}},"4":{"start":{"line":50,"column":8},"end":{"line":50,"column":2268}},"5":{"start":{"line":54,"column":8},"end":{"line":54,"column":71}},"6":{"start":{"line":55,"column":8},"end":{"line":55,"column":2502}},"7":{"start":{"line":59,"column":8},"end":{"line":59,"column":56}},"8":{"start":{"line":60,"column":8},"end":{"line":60,"column":2702}},"9":{"start":{"line":73,"column":8},"end":{"line":73,"column":3125}},"10":{"start":{"line":88,"column":8},"end":{"line":88,"column":44}},"11":{"start":{"line":89,"column":8},"end":{"line":89,"column":40}},"12":{"start":{"line":90,"column":8},"end":{"line":90,"column":46}}},"branchMap":{"1":{"line":49,"type":"if","locations":[{"start":{"line":49,"column":8},"end":{"line":49,"column":8}},{"start":{"line":49,"column":8},"end":{"line":49,"column":8}}]},"2":{"line":50,"type":"if","locations":[{"start":{"line":50,"column":8},"end":{"line":50,"column":8}},{"start":{"line":50,"column":8},"end":{"line":50,"column":8}}]},"3":{"line":54,"type":"if","locations":[{"start":{"line":54,"column":8},"end":{"line":54,"column":8}},{"start":{"line":54,"column":8},"end":{"line":54,"column":8}}]},"4":{"line":55,"type":"if","locations":[{"start":{"line":55,"column":8},"end":{"line":55,"column":8}},{"start":{"line":55,"column":8},"end":{"line":55,"column":8}}]}}},"contracts\\PoolsData.sol":{"l":{"10":2,"16":5,"21":0,"22":0,"27":0,"29":5,"46":1,"47":1,"69":1,"79":13,"81":13,"83":0,"85":13,"91":6,"93":7,"99":7,"101":0,"105":0,"107":0,"113":0,"115":0,"117":0,"118":0,"120":0,"122":0,"127":0},"path":"C:\\Users\\Administrator\\Desktop\\Code\\Poolz\\contracts\\PoolsData.sol","s":{"1":2,"2":5,"3":0,"4":0,"5":0,"6":5,"7":1,"8":1,"9":1,"10":13,"11":13,"12":0,"13":13,"14":6,"15":7,"16":7,"17":0,"18":0,"19":0,"20":0,"21":0,"22":0,"23":0,"24":0,"25":0,"26":0,"27":0,"28":0},"b":{"1":[0,5],"2":[1,0],"3":[13,0],"4":[0,13],"5":[6,7],"6":[7,0],"7":[0,0],"8":[0,0],"9":[0,0],"10":[0,0],"11":[0,0],"12":[0,0]},"f":{"1":2,"2":5,"3":1,"4":1,"5":13},"fnMap":{"1":{"name":"GetMyPoolsId","line":9,"loc":{"start":{"line":9,"column":4},"end":{"line":11,"column":4}}},"2":{"name":"WithdrawLeftOvers","line":14,"loc":{"start":{"line":14,"column":4},"end":{"line":30,"column":4}}},"3":{"name":"GetPoolData","line":33,"loc":{"start":{"line":33,"column":4},"end":{"line":57,"column":4}}},"4":{"name":"GetMorePoolData","line":59,"loc":{"start":{"line":59,"column":4},"end":{"line":75,"column":4}}},"5":{"name":"GetPoolStatus","line":78,"loc":{"start":{"line":78,"column":4},"end":{"line":129,"column":4}}}},"statementMap":{"1":{"start":{"line":10,"column":8},"end":{"line":10,"column":35}},"2":{"start":{"line":16,"column":8},"end":{"line":16,"column":537}},"3":{"start":{"line":21,"column":12},"end":{"line":21,"column":46}},"4":{"start":{"line":22,"column":12},"end":{"line":22,"column":760}},"5":{"start":{"line":27,"column":12},"end":{"line":27,"column":23}},"6":{"start":{"line":29,"column":8},"end":{"line":29,"column":20}},"7":{"start":{"line":46,"column":8},"end":{"line":46,"column":44}},"8":{"start":{"line":47,"column":8},"end":{"line":47,"column":1339}},"9":{"start":{"line":69,"column":8},"end":{"line":69,"column":1887}},"10":{"start":{"line":79,"column":8},"end":{"line":79,"column":49}},"11":{"start":{"line":81,"column":8},"end":{"line":81,"column":2303}},"12":{"start":{"line":83,"column":12},"end":{"line":83,"column":39}},"13":{"start":{"line":85,"column":8},"end":{"line":85,"column":2476}},"14":{"start":{"line":91,"column":12},"end":{"line":91,"column":36}},"15":{"start":{"line":93,"column":8},"end":{"line":93,"column":2723}},"16":{"start":{"line":99,"column":12},"end":{"line":99,"column":42}},"17":{"start":{"line":101,"column":8},"end":{"line":101,"column":2972}},"18":{"start":{"line":105,"column":12},"end":{"line":105,"column":37}},"19":{"start":{"line":107,"column":8},"end":{"line":107,"column":3150}},"20":{"start":{"line":113,"column":12},"end":{"line":113,"column":40}},"21":{"start":{"line":115,"column":8},"end":{"line":115,"column":3394}},"22":{"start":{"line":117,"column":12},"end":{"line":117,"column":67}},"23":{"start":{"line":117,"column":42},"end":{"line":117,"column":67}},"24":{"start":{"line":118,"column":12},"end":{"line":118,"column":40}},"25":{"start":{"line":120,"column":8},"end":{"line":120,"column":3634}},"26":{"start":{"line":122,"column":12},"end":{"line":122,"column":3781}},"27":{"start":{"line":126,"column":14},"end":{"line":126,"column":39}},"28":{"start":{"line":127,"column":12},"end":{"line":127,"column":40}}},"branchMap":{"1":{"line":16,"type":"if","locations":[{"start":{"line":16,"column":8},"end":{"line":16,"column":8}},{"start":{"line":16,"column":8},"end":{"line":16,"column":8}}]},"2":{"line":46,"type":"if","locations":[{"start":{"line":46,"column":8},"end":{"line":46,"column":8}},{"start":{"line":46,"column":8},"end":{"line":46,"column":8}}]},"3":{"line":79,"type":"if","locations":[{"start":{"line":79,"column":8},"end":{"line":79,"column":8}},{"start":{"line":79,"column":8},"end":{"line":79,"column":8}}]},"4":{"line":81,"type":"if","locations":[{"start":{"line":81,"column":8},"end":{"line":81,"column":8}},{"start":{"line":81,"column":8},"end":{"line":81,"column":8}}]},"5":{"line":85,"type":"if","locations":[{"start":{"line":85,"column":8},"end":{"line":85,"column":8}},{"start":{"line":85,"column":8},"end":{"line":85,"column":8}}]},"6":{"line":93,"type":"if","locations":[{"start":{"line":93,"column":8},"end":{"line":93,"column":8}},{"start":{"line":93,"column":8},"end":{"line":93,"column":8}}]},"7":{"line":101,"type":"if","locations":[{"start":{"line":101,"column":8},"end":{"line":101,"column":8}},{"start":{"line":101,"column":8},"end":{"line":101,"column":8}}]},"8":{"line":107,"type":"if","locations":[{"start":{"line":107,"column":8},"end":{"line":107,"column":8}},{"start":{"line":107,"column":8},"end":{"line":107,"column":8}}]},"9":{"line":115,"type":"if","locations":[{"start":{"line":115,"column":8},"end":{"line":115,"column":8}},{"start":{"line":115,"column":8},"end":{"line":115,"column":8}}]},"10":{"line":117,"type":"if","locations":[{"start":{"line":117,"column":12},"end":{"line":117,"column":12}},{"start":{"line":117,"column":12},"end":{"line":117,"column":12}}]},"11":{"line":120,"type":"if","locations":[{"start":{"line":120,"column":8},"end":{"line":120,"column":8}},{"start":{"line":120,"column":8},"end":{"line":120,"column":8}}]},"12":{"line":122,"type":"if","locations":[{"start":{"line":122,"column":12},"end":{"line":122,"column":12}},{"start":{"line":122,"column":12},"end":{"line":122,"column":12}}]}}},"contracts\\PozBenefit.sol":{"l":{"10":4,"11":4,"12":4,"13":4,"22":4,"26":4,"31":0,"39":0,"43":1,"47":0,"51":0,"55":3,"56":0},"path":"C:\\Users\\Administrator\\Desktop\\Code\\Poolz\\contracts\\PozBenefit.sol","s":{"1":4,"2":4,"3":4,"4":4,"5":4,"6":0,"7":4,"8":2,"9":0,"10":0,"11":1,"12":0,"13":0,"14":3,"15":3,"16":0},"b":{"1":[4,0],"2":[2,2],"3":[3,0]},"f":{"1":4,"2":4,"3":4,"4":0,"5":0,"6":1,"7":0,"8":0,"9":3},"fnMap":{"1":{"name":"constructor","line":9,"loc":{"start":{"line":9,"column":4},"end":{"line":14,"column":4}}},"2":{"name":"PercentCheckOk","line":21,"loc":{"start":{"line":21,"column":4},"end":{"line":24,"column":4}}},"3":{"name":"LeftIsBigger","line":25,"loc":{"start":{"line":25,"column":4},"end":{"line":28,"column":4}}},"4":{"name":"GetPozTimer","line":30,"loc":{"start":{"line":30,"column":4},"end":{"line":32,"column":4}}},"5":{"name":"SetPozTimer","line":37,"loc":{"start":{"line":34,"column":4},"end":{"line":40,"column":4}}},"6":{"name":"GetPOZFee","line":42,"loc":{"start":{"line":42,"column":4},"end":{"line":44,"column":4}}},"7":{"name":"GetMinPoz","line":46,"loc":{"start":{"line":46,"column":4},"end":{"line":48,"column":4}}},"8":{"name":"SetMinPoz","line":50,"loc":{"start":{"line":50,"column":4},"end":{"line":52,"column":4}}},"9":{"name":"IsPOZInvestor","line":54,"loc":{"start":{"line":54,"column":4},"end":{"line":57,"column":4}}}},"statementMap":{"1":{"start":{"line":10,"column":8},"end":{"line":10,"column":18}},"2":{"start":{"line":11,"column":8},"end":{"line":11,"column":22}},"3":{"start":{"line":12,"column":8},"end":{"line":12,"column":18}},"4":{"start":{"line":13,"column":8},"end":{"line":13,"column":33}},"5":{"start":{"line":22,"column":8},"end":{"line":22,"column":804}},"6":{"start":{"line":23,"column":13},"end":{"line":23,"column":34}},"7":{"start":{"line":26,"column":8},"end":{"line":26,"column":938}},"8":{"start":{"line":27,"column":13},"end":{"line":27,"column":32}},"9":{"start":{"line":31,"column":8},"end":{"line":31,"column":23}},"10":{"start":{"line":39,"column":8},"end":{"line":39,"column":27}},"11":{"start":{"line":43,"column":8},"end":{"line":43,"column":21}},"12":{"start":{"line":47,"column":8},"end":{"line":47,"column":21}},"13":{"start":{"line":51,"column":8},"end":{"line":51,"column":23}},"14":{"start":{"line":55,"column":8},"end":{"line":55,"column":52}},"15":{"start":{"line":55,"column":41},"end":{"line":55,"column":52}},"16":{"start":{"line":56,"column":8},"end":{"line":56,"column":113}}},"branchMap":{"1":{"line":22,"type":"if","locations":[{"start":{"line":22,"column":8},"end":{"line":22,"column":8}},{"start":{"line":22,"column":8},"end":{"line":22,"column":8}}]},"2":{"line":26,"type":"if","locations":[{"start":{"line":26,"column":8},"end":{"line":26,"column":8}},{"start":{"line":26,"column":8},"end":{"line":26,"column":8}}]},"3":{"line":55,"type":"if","locations":[{"start":{"line":55,"column":8},"end":{"line":55,"column":8}},{"start":{"line":55,"column":8},"end":{"line":55,"column":8}}]}}},"contracts\\TestMainToken.sol":{"l":{"20":8,"21":8,"22":8,"23":8,"25":8,"26":8,"28":8},"path":"C:\\Users\\Administrator\\Desktop\\Code\\Poolz\\contracts\\TestMainToken.sol","s":{"1":8,"2":8,"3":8,"4":8,"5":8,"6":8,"7":8},"b":{},"f":{"1":8},"fnMap":{"1":{"name":"constructor","line":19,"loc":{"start":{"line":19,"column":4},"end":{"line":29,"column":4}}}},"statementMap":{"1":{"start":{"line":20,"column":8},"end":{"line":20,"column":23}},"2":{"start":{"line":21,"column":8},"end":{"line":21,"column":29}},"3":{"start":{"line":22,"column":8},"end":{"line":22,"column":19}},"4":{"start":{"line":23,"column":8},"end":{"line":23,"column":33}},"5":{"start":{"line":25,"column":8},"end":{"line":25,"column":25}},"6":{"start":{"line":26,"column":8},"end":{"line":26,"column":41}},"7":{"start":{"line":28,"column":8},"end":{"line":28,"column":51}}},"branchMap":{}},"contracts\\TestToken.sol":{"l":{"20":4,"21":4,"22":4,"23":4,"25":4,"26":4,"28":4},"path":"C:\\Users\\Administrator\\Desktop\\Code\\Poolz\\contracts\\TestToken.sol","s":{"1":4,"2":4,"3":4,"4":4,"5":4,"6":4,"7":4},"b":{},"f":{"1":4},"fnMap":{"1":{"name":"constructor","line":19,"loc":{"start":{"line":19,"column":4},"end":{"line":29,"column":4}}}},"statementMap":{"1":{"start":{"line":20,"column":8},"end":{"line":20,"column":22}},"2":{"start":{"line":21,"column":8},"end":{"line":21,"column":25}},"3":{"start":{"line":22,"column":8},"end":{"line":22,"column":19}},"4":{"start":{"line":23,"column":8},"end":{"line":23,"column":33}},"5":{"start":{"line":25,"column":8},"end":{"line":25,"column":25}},"6":{"start":{"line":26,"column":8},"end":{"line":26,"column":41}},"7":{"start":{"line":28,"column":8},"end":{"line":28,"column":51}}},"branchMap":{}},"contracts\\ThePoolz.sol":{"l":{"11":4,"12":4,"19":2,"20":2,"21":2,"22":0,"26":2,"27":2,"28":2,"29":4,"30":4,"36":4,"37":4,"40":2,"41":2,"45":2,"46":2,"47":2,"48":4,"49":4,"52":4,"53":4,"56":2,"57":2},"path":"C:\\Users\\Administrator\\Desktop\\Code\\Poolz\\contracts\\ThePoolz.sol","s":{"1":4,"2":4,"3":2,"4":2,"5":2,"6":2,"7":0,"8":2,"9":2,"10":2,"11":4,"12":4,"13":4,"14":4,"15":2,"16":2,"17":2,"18":2,"19":2,"20":4,"21":4,"22":4,"23":4,"24":2,"25":2},"b":{"1":[2,0],"2":[0,4],"3":[0,4],"4":[0,4],"5":[0,4]},"f":{"1":4,"2":2,"3":2,"4":2},"fnMap":{"1":{"name":"constructor","line":10,"loc":{"start":{"line":10,"column":4},"end":{"line":13,"column":4}}},"2":{"name":"Work","line":18,"loc":{"start":{"line":18,"column":4},"end":{"line":23,"column":4}}},"3":{"name":"WorkForInvestors","line":25,"loc":{"start":{"line":25,"column":4},"end":{"line":42,"column":4}}},"4":{"name":"WorkForProjectOwner","line":44,"loc":{"start":{"line":44,"column":4},"end":{"line":58,"column":4}}}},"statementMap":{"1":{"start":{"line":11,"column":8},"end":{"line":11,"column":24}},"2":{"start":{"line":12,"column":8},"end":{"line":12,"column":28}},"3":{"start":{"line":19,"column":8},"end":{"line":19,"column":40}},"4":{"start":{"line":20,"column":8},"end":{"line":20,"column":43}},"5":{"start":{"line":21,"column":8},"end":{"line":21,"column":61}},"6":{"start":{"line":21,"column":33},"end":{"line":21,"column":60}},"7":{"start":{"line":22,"column":8},"end":{"line":22,"column":24}},"8":{"start":{"line":26,"column":8},"end":{"line":26,"column":28}},"9":{"start":{"line":27,"column":8},"end":{"line":27,"column":28}},"10":{"start":{"line":28,"column":8},"end":{"line":28,"column":827}},"11":{"start":{"line":29,"column":12},"end":{"line":29,"column":53}},"12":{"start":{"line":30,"column":12},"end":{"line":30,"column":972}},"13":{"start":{"line":36,"column":16},"end":{"line":36,"column":31}},"14":{"start":{"line":37,"column":16},"end":{"line":37,"column":40}},"15":{"start":{"line":40,"column":8},"end":{"line":40,"column":50}},"16":{"start":{"line":41,"column":8},"end":{"line":41,"column":23}},"17":{"start":{"line":45,"column":8},"end":{"line":45,"column":28}},"18":{"start":{"line":46,"column":8},"end":{"line":46,"column":28}},"19":{"start":{"line":47,"column":8},"end":{"line":47,"column":1505}},"20":{"start":{"line":48,"column":12},"end":{"line":48,"column":52}},"21":{"start":{"line":49,"column":12},"end":{"line":49,"column":1649}},"22":{"start":{"line":52,"column":16},"end":{"line":52,"column":31}},"23":{"start":{"line":53,"column":16},"end":{"line":53,"column":44}},"24":{"start":{"line":56,"column":8},"end":{"line":56,"column":57}},"25":{"start":{"line":57,"column":8},"end":{"line":57,"column":23}}},"branchMap":{"1":{"line":21,"type":"if","locations":[{"start":{"line":21,"column":8},"end":{"line":21,"column":8}},{"start":{"line":21,"column":8},"end":{"line":21,"column":8}}]},"2":{"line":29,"type":"if","locations":[{"start":{"line":29,"column":12},"end":{"line":29,"column":12}},{"start":{"line":29,"column":12},"end":{"line":29,"column":12}}]},"3":{"line":30,"type":"if","locations":[{"start":{"line":30,"column":12},"end":{"line":30,"column":12}},{"start":{"line":30,"column":12},"end":{"line":30,"column":12}}]},"4":{"line":48,"type":"if","locations":[{"start":{"line":48,"column":12},"end":{"line":48,"column":12}},{"start":{"line":48,"column":12},"end":{"line":48,"column":12}}]},"5":{"line":49,"type":"if","locations":[{"start":{"line":49,"column":12},"end":{"line":49,"column":12}},{"start":{"line":49,"column":12},"end":{"line":49,"column":12}}]}}}}