{
"contracts\\ERC20Helper.sol":{"l":{"15":15,"23":11,"24":11,"27":2,"30":13,"31":13,"34":21,"35":0},"path":"C:\\Users\\Administrator\\Desktop\\Code\\Poolz\\contracts\\ERC20Helper.sol","s":{"1":15,"2":2,"3":11,"4":11,"5":2,"6":13,"7":13,"8":21,"9":19,"10":0},"b":{"1":[13,2],"2":[19,0]},"f":{"1":15,"2":11,"3":2,"4":13,"5":21},"fnMap":{"1":{"name":"TestAllownce","line":10,"loc":{"start":{"line":10,"column":4},"end":{"line":17,"column":4}}},"2":{"name":"TransferToken","line":18,"loc":{"start":{"line":18,"column":4},"end":{"line":25,"column":4}}},"3":{"name":"CheckBalance","line":26,"loc":{"start":{"line":26,"column":4},"end":{"line":28,"column":4}}},"4":{"name":"TransferInToken","line":29,"loc":{"start":{"line":29,"column":4},"end":{"line":32,"column":4}}},"5":{"name":"IsERC20","line":33,"loc":{"start":{"line":33,"column":4},"end":{"line":36,"column":4}}}},"statementMap":{"1":{"start":{"line":15,"column":8},"end":{"line":15,"column":444}},"2":{"start":{"line":16,"column":13},"end":{"line":16,"column":33}},"3":{"start":{"line":23,"column":8},"end":{"line":23,"column":52}},"4":{"start":{"line":24,"column":8},"end":{"line":24,"column":49}},"5":{"start":{"line":27,"column":10},"end":{"line":27,"column":50}},"6":{"start":{"line":30,"column":8},"end":{"line":30,"column":67}},"7":{"start":{"line":31,"column":8},"end":{"line":31,"column":50}},"8":{"start":{"line":34,"column":8},"end":{"line":34,"column":66}},"9":{"start":{"line":34,"column":55},"end":{"line":34,"column":66}},"10":{"start":{"line":35,"column":8},"end":{"line":35,"column":20}}},"branchMap":{"1":{"line":15,"type":"if","locations":[{"start":{"line":15,"column":8},"end":{"line":15,"column":8}},{"start":{"line":15,"column":8},"end":{"line":15,"column":8}}]},"2":{"line":34,"type":"if","locations":[{"start":{"line":34,"column":8},"end":{"line":34,"column":8}},{"start":{"line":34,"column":8},"end":{"line":34,"column":8}}]}}},
"contracts\\ETHHelper.sol":{"l":{"8":19,"9":19,"12":11,"13":9,"14":9,"20":3,"30":1,"37":1,"40":1,"44":1,"48":5,"49":5},"path":"C:\\Users\\Administrator\\Desktop\\Code\\Poolz\\contracts\\ETHHelper.sol","s":{"1":19,"2":19,"3":11,"4":9,"5":2,"6":3,"7":2,"8":1,"9":1,"10":1,"11":1,"12":5,"13":5},"b":{"1":[9,2],"2":[2,1]},"f":{"1":19,"2":11,"3":3,"4":1,"5":1,"6":1,"7":1,"8":5},"fnMap":{"1":{"name":"constructor","line":7,"loc":{"start":{"line":7,"column":4},"end":{"line":10,"column":4}}},"2":{"name":"ReceivETH","line":11,"loc":{"start":{"line":11,"column":4},"end":{"line":17,"column":4}}},"3":{"name":"","line":19,"loc":{"start":{"line":19,"column":4},"end":{"line":21,"column":4}}},"4":{"name":"GetIsPayble","line":29,"loc":{"start":{"line":29,"column":5},"end":{"line":31,"column":4}}},"5":{"name":"SwitchIsPayble","line":35,"loc":{"start":{"line":33,"column":4},"end":{"line":38,"column":4}}},"6":{"name":"GetMinETH","line":39,"loc":{"start":{"line":39,"column":8},"end":{"line":41,"column":4}}},"7":{"name":"SetMinETH","line":43,"loc":{"start":{"line":43,"column":4},"end":{"line":45,"column":4}}},"8":{"name":"TransferETH","line":47,"loc":{"start":{"line":47,"column":4},"end":{"line":50,"column":4}}}},"statementMap":{"1":{"start":{"line":8,"column":8},"end":{"line":8,"column":23}},"2":{"start":{"line":9,"column":8},"end":{"line":9,"column":21}},"3":{"start":{"line":12,"column":8},"end":{"line":12,"column":323}},"4":{"start":{"line":13,"column":13},"end":{"line":13,"column":51}},"5":{"start":{"line":16,"column":13},"end":{"line":16,"column":40}},"6":{"start":{"line":20,"column":8},"end":{"line":20,"column":31}},"7":{"start":{"line":20,"column":23},"end":{"line":20,"column":30}},"8":{"start":{"line":30,"column":8},"end":{"line":30,"column":23}},"9":{"start":{"line":37,"column":8},"end":{"line":37,"column":27}},"10":{"start":{"line":40,"column":8},"end":{"line":40,"column":21}},"11":{"start":{"line":44,"column":8},"end":{"line":44,"column":23}},"12":{"start":{"line":48,"column":8},"end":{"line":48,"column":47}},"13":{"start":{"line":49,"column":8},"end":{"line":49,"column":34}}},"branchMap":{"1":{"line":12,"type":"if","locations":[{"start":{"line":12,"column":8},"end":{"line":12,"column":8}},{"start":{"line":12,"column":8},"end":{"line":12,"column":8}}]},"2":{"line":20,"type":"if","locations":[{"start":{"line":20,"column":8},"end":{"line":20,"column":8}},{"start":{"line":20,"column":8},"end":{"line":20,"column":8}}]}}},
"contracts\\Invest.sol":{"l":{"10":19,"33":9,"34":9,"35":9,"43":9,"44":9,"45":9,"46":9,"47":9,"48":0,"49":0,"51":9,"57":0,"61":0,"62":0,"68":0,"70":0,"74":0,"75":0,"76":0,"82":5,"86":5,"87":2,"93":3,"95":5,"99":5,"100":5,"101":5,"104":4,"108":4,"109":4,"113":4,"114":4,"115":4,"123":4,"124":4,"125":4,"126":4,"127":4,"128":0,"129":0,"131":4,"137":1,"141":1,"142":0,"148":1,"150":1,"151":1,"152":1,"156":1,"161":1,"162":1,"168":1,"172":1,"173":1,"179":0,"181":1,"185":1,"189":1,"193":1,"198":1,"199":1,"202":2},"path":"C:\\Users\\Administrator\\Desktop\\Code\\Poolz\\contracts\\Invest.sol","s":{"1":19,"2":9,"3":9,"4":9,"5":9,"6":9,"7":9,"8":9,"9":9,"10":0,"11":0,"12":9,"13":0,"14":0,"15":0,"16":0,"17":0,"18":0,"19":0,"20":0,"21":0,"22":9,"23":5,"24":5,"25":2,"26":3,"27":5,"28":5,"29":5,"30":2,"31":5,"32":4,"33":4,"34":4,"35":4,"36":4,"37":4,"38":4,"39":4,"40":4,"41":4,"42":0,"43":0,"44":4,"45":1,"46":1,"47":0,"48":1,"49":1,"50":1,"51":1,"52":1,"53":1,"54":0,"55":1,"56":3,"57":1,"58":1,"59":1,"60":0,"61":1,"62":1,"63":1,"64":1,"65":1,"66":1,"67":1,"68":2},"b":{"1":[9,0],"2":[9,0],"3":[0,9],"4":[0,9],"5":[0,0],"6":[0,0],"7":[5,4],"8":[2,3],"9":[2,3],"10":[4,0],"11":[4,0],"12":[4,0],"13":[0,4],"14":[1,3],"15":[0,1],"16":[0,1],"17":[1,2],"18":[1,0],"19":[1,0]},"f":{"1":19,"2":9,"3":4},"fnMap":{"1":{"name":"constructor","line":9,"loc":{"start":{"line":9,"column":4},"end":{"line":11,"column":4}}},"2":{"name":"InvestETH","line":31,"loc":{"start":{"line":27,"column":4},"end":{"line":105,"column":4}}},"3":{"name":"InvestERC20","line":107,"loc":{"start":{"line":107,"column":4},"end":{"line":203,"column":4}}}},"statementMap":{"1":{"start":{"line":10,"column":8},"end":{"line":10,"column":25}},"2":{"start":{"line":33,"column":8},"end":{"line":33,"column":69}},"3":{"start":{"line":34,"column":8},"end":{"line":34,"column":78}},"4":{"start":{"line":35,"column":8},"end":{"line":35,"column":1305}},"5":{"start":{"line":43,"column":8},"end":{"line":43,"column":52}},"6":{"start":{"line":44,"column":8},"end":{"line":44,"column":55}},"7":{"start":{"line":45,"column":8},"end":{"line":45,"column":78}},"8":{"start":{"line":46,"column":8},"end":{"line":46,"column":75}},"9":{"start":{"line":47,"column":8},"end":{"line":47,"column":1794}},"10":{"start":{"line":48,"column":12},"end":{"line":48,"column":60}},"11":{"start":{"line":49,"column":12},"end":{"line":49,"column":60}},"12":{"start":{"line":51,"column":8},"end":{"line":51,"column":1980}},"13":{"start":{"line":57,"column":12},"end":{"line":57,"column":2241}},"14":{"start":{"line":61,"column":12},"end":{"line":61,"column":2386}},"15":{"start":{"line":62,"column":16},"end":{"line":62,"column":2438}},"16":{"start":{"line":68,"column":16},"end":{"line":68,"column":76}},"17":{"start":{"line":70,"column":12},"end":{"line":70,"column":2792}},"18":{"start":{"line":74,"column":12},"end":{"line":74,"column":62}},"19":{"start":{"line":75,"column":12},"end":{"line":75,"column":72}},"20":{"start":{"line":75,"column":48},"end":{"line":75,"column":72}},"21":{"start":{"line":76,"column":12},"end":{"line":76,"column":18}},"22":{"start":{"line":77,"column":15},"end":{"line":77,"column":3173}},"23":{"start":{"line":82,"column":12},"end":{"line":82,"column":3386}},"24":{"start":{"line":86,"column":12},"end":{"line":86,"column":3531}},"25":{"start":{"line":87,"column":16},"end":{"line":87,"column":3583}},"26":{"start":{"line":93,"column":16},"end":{"line":93,"column":76}},"27":{"start":{"line":95,"column":12},"end":{"line":95,"column":3939}},"28":{"start":{"line":99,"column":12},"end":{"line":99,"column":59}},"29":{"start":{"line":100,"column":12},"end":{"line":100,"column":72}},"30":{"start":{"line":100,"column":48},"end":{"line":100,"column":72}},"31":{"start":{"line":101,"column":12},"end":{"line":101,"column":18}},"32":{"start":{"line":104,"column":8},"end":{"line":104,"column":41}},"33":{"start":{"line":108,"column":8},"end":{"line":108,"column":71}},"34":{"start":{"line":109,"column":8},"end":{"line":109,"column":4598}},"35":{"start":{"line":113,"column":8},"end":{"line":113,"column":62}},"36":{"start":{"line":114,"column":8},"end":{"line":114,"column":68}},"37":{"start":{"line":115,"column":8},"end":{"line":115,"column":4865}},"38":{"start":{"line":123,"column":8},"end":{"line":123,"column":52}},"39":{"start":{"line":125,"column":8},"end":{"line":125,"column":76}},"40":{"start":{"line":126,"column":8},"end":{"line":126,"column":73}},"41":{"start":{"line":127,"column":8},"end":{"line":127,"column":5316}},"42":{"start":{"line":128,"column":12},"end":{"line":128,"column":60}},"43":{"start":{"line":129,"column":12},"end":{"line":129,"column":60}},"44":{"start":{"line":131,"column":8},"end":{"line":131,"column":5502}},"45":{"start":{"line":137,"column":12},"end":{"line":137,"column":5788}},"46":{"start":{"line":141,"column":12},"end":{"line":141,"column":5933}},"47":{"start":{"line":142,"column":16},"end":{"line":142,"column":5985}},"48":{"start":{"line":148,"column":16},"end":{"line":148,"column":76}},"49":{"start":{"line":150,"column":12},"end":{"line":150,"column":79}},"50":{"start":{"line":151,"column":12},"end":{"line":151,"column":67}},"51":{"start":{"line":152,"column":12},"end":{"line":152,"column":6490}},"52":{"start":{"line":156,"column":12},"end":{"line":156,"column":6708}},"53":{"start":{"line":161,"column":12},"end":{"line":161,"column":72}},"54":{"start":{"line":161,"column":48},"end":{"line":161,"column":72}},"55":{"start":{"line":162,"column":12},"end":{"line":162,"column":18}},"56":{"start":{"line":163,"column":15},"end":{"line":163,"column":7022}},"57":{"start":{"line":168,"column":12},"end":{"line":168,"column":7235}},"58":{"start":{"line":172,"column":12},"end":{"line":172,"column":7380}},"59":{"start":{"line":173,"column":16},"end":{"line":173,"column":7432}},"60":{"start":{"line":179,"column":16},"end":{"line":179,"column":76}},"61":{"start":{"line":181,"column":12},"end":{"line":181,"column":7788}},"62":{"start":{"line":185,"column":12},"end":{"line":185,"column":7923}},"63":{"start":{"line":189,"column":12},"end":{"line":189,"column":8055}},"64":{"start":{"line":193,"column":12},"end":{"line":193,"column":8213}},"65":{"start":{"line":198,"column":12},"end":{"line":198,"column":72}},"66":{"start":{"line":198,"column":48},"end":{"line":198,"column":72}},"67":{"start":{"line":199,"column":12},"end":{"line":199,"column":18}},"68":{"start":{"line":202,"column":8},"end":{"line":202,"column":41}}},"branchMap":{"1":{"line":33,"type":"if","locations":[{"start":{"line":33,"column":8},"end":{"line":33,"column":8}},{"start":{"line":33,"column":8},"end":{"line":33,"column":8}}]},"2":{"line":34,"type":"if","locations":[{"start":{"line":34,"column":8},"end":{"line":34,"column":8}},{"start":{"line":34,"column":8},"end":{"line":34,"column":8}}]},"3":{"line":47,"type":"if","locations":[{"start":{"line":47,"column":8},"end":{"line":47,"column":8}},{"start":{"line":47,"column":8},"end":{"line":47,"column":8}}]},"4":{"line":51,"type":"if","locations":[{"start":{"line":51,"column":8},"end":{"line":51,"column":8}},{"start":{"line":51,"column":8},"end":{"line":51,"column":8}}]},"5":{"line":61,"type":"if","locations":[{"start":{"line":61,"column":12},"end":{"line":61,"column":12}},{"start":{"line":61,"column":12},"end":{"line":61,"column":12}}]},"6":{"line":75,"type":"if","locations":[{"start":{"line":75,"column":12},"end":{"line":75,"column":12}},{"start":{"line":75,"column":12},"end":{"line":75,"column":12}}]},"7":{"line":77,"type":"if","locations":[{"start":{"line":77,"column":15},"end":{"line":77,"column":15}},{"start":{"line":77,"column":15},"end":{"line":77,"column":15}}]},"8":{"line":86,"type":"if","locations":[{"start":{"line":86,"column":12},"end":{"line":86,"column":12}},{"start":{"line":86,"column":12},"end":{"line":86,"column":12}}]},"9":{"line":100,"type":"if","locations":[{"start":{"line":100,"column":12},"end":{"line":100,"column":12}},{"start":{"line":100,"column":12},"end":{"line":100,"column":12}}]},"10":{"line":108,"type":"if","locations":[{"start":{"line":108,"column":8},"end":{"line":108,"column":8}},{"start":{"line":108,"column":8},"end":{"line":108,"column":8}}]},"11":{"line":109,"type":"if","locations":[{"start":{"line":109,"column":8},"end":{"line":109,"column":8}},{"start":{"line":109,"column":8},"end":{"line":109,"column":8}}]},"12":{"line":113,"type":"if","locations":[{"start":{"line":113,"column":8},"end":{"line":113,"column":8}},{"start":{"line":113,"column":8},"end":{"line":113,"column":8}}]},"13":{"line":127,"type":"if","locations":[{"start":{"line":127,"column":8},"end":{"line":127,"column":8}},{"start":{"line":127,"column":8},"end":{"line":127,"column":8}}]},"14":{"line":131,"type":"if","locations":[{"start":{"line":131,"column":8},"end":{"line":131,"column":8}},{"start":{"line":131,"column":8},"end":{"line":131,"column":8}}]},"15":{"line":141,"type":"if","locations":[{"start":{"line":141,"column":12},"end":{"line":141,"column":12}},{"start":{"line":141,"column":12},"end":{"line":141,"column":12}}]},"16":{"line":161,"type":"if","locations":[{"start":{"line":161,"column":12},"end":{"line":161,"column":12}},{"start":{"line":161,"column":12},"end":{"line":161,"column":12}}]},"17":{"line":163,"type":"if","locations":[{"start":{"line":163,"column":15},"end":{"line":163,"column":15}},{"start":{"line":163,"column":15},"end":{"line":163,"column":15}}]},"18":{"line":172,"type":"if","locations":[{"start":{"line":172,"column":12},"end":{"line":172,"column":12}},{"start":{"line":172,"column":12},"end":{"line":172,"column":12}}]},"19":{"line":198,"type":"if","locations":[{"start":{"line":198,"column":12},"end":{"line":198,"column":12}},{"start":{"line":198,"column":12},"end":{"line":198,"column":12}}]}}},
"contracts\\InvestorData.sol":{"l":{"9":5,"14":2,"19":2,"23":2,"24":2,"26":3,"31":1,"46":2,"50":1},"path":"C:\\Users\\Administrator\\Desktop\\Code\\Poolz\\contracts\\InvestorData.sol","s":{"1":5,"2":2,"3":2,"4":2,"5":2,"6":3,"7":1,"8":2,"9":1},"b":{"1":[2,3],"2":[1,1]},"f":{"1":5,"2":1,"3":2},"fnMap":{"1":{"name":"WithdrawInvestment","line":8,"loc":{"start":{"line":8,"column":4},"end":{"line":27,"column":4}}},"2":{"name":"GetMyInvestmentIds","line":30,"loc":{"start":{"line":30,"column":4},"end":{"line":32,"column":4}}},"3":{"name":"GetInvestmentData","line":34,"loc":{"start":{"line":34,"column":4},"end":{"line":58,"column":4}}}},"statementMap":{"1":{"start":{"line":9,"column":8},"end":{"line":9,"column":270}},"2":{"start":{"line":14,"column":12},"end":{"line":14,"column":461}},"3":{"start":{"line":19,"column":12},"end":{"line":19,"column":649}},"4":{"start":{"line":23,"column":12},"end":{"line":23,"column":39}},"5":{"start":{"line":24,"column":12},"end":{"line":24,"column":23}},"6":{"start":{"line":26,"column":8},"end":{"line":26,"column":20}},"7":{"start":{"line":31,"column":8},"end":{"line":31,"column":39}},"8":{"start":{"line":46,"column":8},"end":{"line":46,"column":1368}},"9":{"start":{"line":50,"column":8},"end":{"line":50,"column":1529}}},"branchMap":{"1":{"line":9,"type":"if","locations":[{"start":{"line":9,"column":8},"end":{"line":9,"column":8}},{"start":{"line":9,"column":8},"end":{"line":9,"column":8}}]},"2":{"line":46,"type":"if","locations":[{"start":{"line":46,"column":8},"end":{"line":46,"column":8}},{"start":{"line":46,"column":8},"end":{"line":46,"column":8}}]}}},
"contracts\\IPozBenefit.sol":{"l":{},"path":"C:\\Users\\Administrator\\Desktop\\Code\\Poolz\\contracts\\IPozBenefit.sol","s":{},"b":{},"f":{},"fnMap":{},"statementMap":{},"branchMap":{}},
"contracts\\MainCoinManager.sol":{"l":{"15":5,"16":5,"20":2,"21":2,"25":9},"path":"C:\\Users\\Administrator\\Desktop\\Code\\Poolz\\contracts\\MainCoinManager.sol","s":{"1":5,"2":5,"3":2,"4":2,"5":9},"b":{},"f":{"1":5,"2":2,"3":9},"fnMap":{"1":{"name":"AddERC20Maincoin","line":14,"loc":{"start":{"line":14,"column":4},"end":{"line":17,"column":4}}},"2":{"name":"RemoveERC20Maincoin","line":19,"loc":{"start":{"line":19,"column":4},"end":{"line":22,"column":4}}},"3":{"name":"IsERC20Maincoin","line":24,"loc":{"start":{"line":24,"column":4},"end":{"line":26,"column":4}}}},"statementMap":{"1":{"start":{"line":15,"column":8},"end":{"line":15,"column":34}},"2":{"start":{"line":16,"column":8},"end":{"line":16,"column":36}},"3":{"start":{"line":20,"column":8},"end":{"line":20,"column":36}},"4":{"start":{"line":21,"column":8},"end":{"line":21,"column":37}},"5":{"start":{"line":25,"column":8},"end":{"line":25,"column":37}}},"branchMap":{}},
"contracts\\Manageable.sol":{"l":{"9":19,"10":19,"11":19,"21":1,"25":1,"29":1,"36":1,"40":1,"49":1,"58":1,"62":1,"66":1,"67":1},"path":"C:\\Users\\Administrator\\Desktop\\Code\\Poolz\\contracts\\Manageable.sol","s":{"1":19,"2":19,"3":19,"4":1,"5":1,"6":1,"7":1,"8":1,"9":1,"10":1,"11":1,"12":1,"13":1},"b":{},"f":{"1":19,"2":1,"3":1,"4":1,"5":1,"6":1,"7":1,"8":1,"9":1,"10":1},"fnMap":{"1":{"name":"constructor","line":8,"loc":{"start":{"line":8,"column":4},"end":{"line":12,"column":4}}},"2":{"name":"GetMinDuration","line":20,"loc":{"start":{"line":20,"column":4},"end":{"line":22,"column":4}}},"3":{"name":"SetMinDuration","line":24,"loc":{"start":{"line":24,"column":4},"end":{"line":26,"column":4}}},"4":{"name":"GetPoolPrice","line":28,"loc":{"start":{"line":28,"column":4},"end":{"line":30,"column":4}}},"5":{"name":"SetPoolPrice","line":34,"loc":{"start":{"line":32,"column":4},"end":{"line":37,"column":4}}},"6":{"name":"GetFee","line":39,"loc":{"start":{"line":39,"column":4},"end":{"line":41,"column":4}}},"7":{"name":"SetFee","line":47,"loc":{"start":{"line":43,"column":4},"end":{"line":50,"column":4}}},"8":{"name":"SetPOZFee","line":56,"loc":{"start":{"line":52,"column":4},"end":{"line":59,"column":4}}},"9":{"name":"WithdrawETHFee","line":61,"loc":{"start":{"line":61,"column":4},"end":{"line":63,"column":4}}},"10":{"name":"WithdrawERC20Fee","line":65,"loc":{"start":{"line":65,"column":4},"end":{"line":68,"column":4}}}},"statementMap":{"1":{"start":{"line":9,"column":8},"end":{"line":9,"column":15}},"2":{"start":{"line":10,"column":8},"end":{"line":10,"column":22}},"3":{"start":{"line":11,"column":8},"end":{"line":11,"column":20}},"4":{"start":{"line":21,"column":8},"end":{"line":21,"column":26}},"5":{"start":{"line":25,"column":8},"end":{"line":25,"column":33}},"6":{"start":{"line":29,"column":8},"end":{"line":29,"column":24}},"7":{"start":{"line":36,"column":8},"end":{"line":36,"column":29}},"8":{"start":{"line":40,"column":8},"end":{"line":40,"column":18}},"9":{"start":{"line":49,"column":8},"end":{"line":49,"column":17}},"10":{"start":{"line":58,"column":8},"end":{"line":58,"column":20}},"11":{"start":{"line":62,"column":8},"end":{"line":62,"column":42}},"12":{"start":{"line":66,"column":8},"end":{"line":66,"column":50}},"13":{"start":{"line":67,"column":8},"end":{"line":67,"column":25}}},"branchMap":{}},
"contracts\\Pools.sol":{"l":{"13":19,"37":3,"50":23,"51":21,"52":19,"56":17,"60":15,"64":13,"65":11,"66":9,"79":9,"95":9,"96":9,"97":9},"path":"C:\\Users\\Administrator\\Desktop\\Code\\Poolz\\contracts\\Pools.sol","s":{"1":19,"2":3,"3":23,"4":21,"5":19,"6":17,"7":15,"8":13,"9":11,"10":9,"11":9,"12":9,"13":9,"14":9},"b":{"1":[21,2],"2":[19,2],"3":[17,2],"4":[15,2],"5":[13,2],"6":[11,2]},"f":{"1":19,"2":3,"3":23},"fnMap":{"1":{"name":"constructor","line":12,"loc":{"start":{"line":12,"column":4},"end":{"line":14,"column":4}}},"2":{"name":"GetLastPoolId","line":36,"loc":{"start":{"line":36,"column":4},"end":{"line":38,"column":4}}},"3":{"name":"CreatePool","line":49,"loc":{"start":{"line":40,"column":4},"end":{"line":98,"column":4}}}},"statementMap":{"1":{"start":{"line":13,"column":8},"end":{"line":13,"column":21}},"2":{"start":{"line":37,"column":8},"end":{"line":37,"column":25}},"3":{"start":{"line":50,"column":8},"end":{"line":50,"column":66}},"4":{"start":{"line":51,"column":8},"end":{"line":51,"column":57}},"5":{"start":{"line":52,"column":8},"end":{"line":52,"column":2456}},"6":{"start":{"line":56,"column":8},"end":{"line":56,"column":2615}},"7":{"start":{"line":60,"column":8},"end":{"line":60,"column":2752}},"8":{"start":{"line":64,"column":8},"end":{"line":64,"column":48}},"9":{"start":{"line":65,"column":8},"end":{"line":65,"column":56}},"10":{"start":{"line":66,"column":8},"end":{"line":66,"column":2998}},"11":{"start":{"line":79,"column":8},"end":{"line":79,"column":3421}},"12":{"start":{"line":95,"column":8},"end":{"line":95,"column":44}},"13":{"start":{"line":96,"column":8},"end":{"line":96,"column":40}},"14":{"start":{"line":97,"column":8},"end":{"line":97,"column":47}}},"branchMap":{"1":{"line":50,"type":"if","locations":[{"start":{"line":50,"column":8},"end":{"line":50,"column":8}},{"start":{"line":50,"column":8},"end":{"line":50,"column":8}}]},"2":{"line":51,"type":"if","locations":[{"start":{"line":51,"column":8},"end":{"line":51,"column":8}},{"start":{"line":51,"column":8},"end":{"line":51,"column":8}}]},"3":{"line":52,"type":"if","locations":[{"start":{"line":52,"column":8},"end":{"line":52,"column":8}},{"start":{"line":52,"column":8},"end":{"line":52,"column":8}}]},"4":{"line":56,"type":"if","locations":[{"start":{"line":56,"column":8},"end":{"line":56,"column":8}},{"start":{"line":56,"column":8},"end":{"line":56,"column":8}}]},"5":{"line":60,"type":"if","locations":[{"start":{"line":60,"column":8},"end":{"line":60,"column":8}},{"start":{"line":60,"column":8},"end":{"line":60,"column":8}}]},"6":{"line":64,"type":"if","locations":[{"start":{"line":64,"column":8},"end":{"line":64,"column":8}},{"start":{"line":64,"column":8},"end":{"line":64,"column":8}}]}}},
"contracts\\PoolsData.sol":{"l":{"10":2,"16":7,"21":3,"22":3,"27":3,"29":4,"46":2,"47":1,"71":2,"72":1,"84":44,"86":43,"88":1,"90":42,"96":12,"98":30,"104":11,"106":19,"110":1,"121":18,"123":2,"124":1,"128":16,"133":8},"path":"C:\\Users\\Administrator\\Desktop\\Code\\Poolz\\contracts\\PoolsData.sol","s":{"1":2,"2":7,"3":3,"4":3,"5":3,"6":4,"7":2,"8":1,"9":2,"10":1,"11":44,"12":43,"13":1,"14":42,"15":12,"16":30,"17":11,"18":19,"19":1,"20":18,"21":2,"22":1,"23":1,"24":16,"25":8,"26":8},"b":{"1":[3,4],"2":[1,1],"3":[1,1],"4":[43,1],"5":[1,42],"6":[12,30],"7":[11,19],"8":[1,18],"9":[2,16],"10":[1,1],"11":[8,8]},"f":{"1":2,"2":7,"3":2,"4":2,"5":44},"fnMap":{"1":{"name":"GetMyPoolsId","line":9,"loc":{"start":{"line":9,"column":4},"end":{"line":11,"column":4}}},"2":{"name":"WithdrawLeftOvers","line":14,"loc":{"start":{"line":14,"column":4},"end":{"line":30,"column":4}}},"3":{"name":"GetPoolData","line":33,"loc":{"start":{"line":33,"column":4},"end":{"line":57,"column":4}}},"4":{"name":"GetMorePoolData","line":59,"loc":{"start":{"line":59,"column":4},"end":{"line":80,"column":4}}},"5":{"name":"GetPoolStatus","line":83,"loc":{"start":{"line":83,"column":4},"end":{"line":135,"column":4}}}},"statementMap":{"1":{"start":{"line":10,"column":8},"end":{"line":10,"column":35}},"2":{"start":{"line":16,"column":8},"end":{"line":16,"column":537}},"3":{"start":{"line":21,"column":12},"end":{"line":21,"column":46}},"4":{"start":{"line":22,"column":12},"end":{"line":22,"column":760}},"5":{"start":{"line":27,"column":12},"end":{"line":27,"column":23}},"6":{"start":{"line":29,"column":8},"end":{"line":29,"column":20}},"7":{"start":{"line":46,"column":8},"end":{"line":46,"column":44}},"8":{"start":{"line":47,"column":8},"end":{"line":47,"column":1339}},"9":{"start":{"line":71,"column":8},"end":{"line":71,"column":44}},"10":{"start":{"line":72,"column":8},"end":{"line":72,"column":1976}},"11":{"start":{"line":84,"column":8},"end":{"line":84,"column":67}},"12":{"start":{"line":86,"column":8},"end":{"line":86,"column":2486}},"13":{"start":{"line":88,"column":12},"end":{"line":88,"column":39}},"14":{"start":{"line":90,"column":8},"end":{"line":90,"column":2659}},"15":{"start":{"line":96,"column":12},"end":{"line":96,"column":36}},"16":{"start":{"line":98,"column":8},"end":{"line":98,"column":2906}},"17":{"start":{"line":104,"column":12},"end":{"line":104,"column":42}},"18":{"start":{"line":106,"column":8},"end":{"line":106,"column":3155}},"19":{"start":{"line":110,"column":12},"end":{"line":110,"column":37}},"20":{"start":{"line":121,"column":8},"end":{"line":121,"column":3627}},"21":{"start":{"line":123,"column":12},"end":{"line":123,"column":67}},"22":{"start":{"line":123,"column":42},"end":{"line":123,"column":67}},"23":{"start":{"line":124,"column":12},"end":{"line":124,"column":40}},"24":{"start":{"line":128,"column":12},"end":{"line":128,"column":4016}},"25":{"start":{"line":132,"column":14},"end":{"line":132,"column":39}},"26":{"start":{"line":133,"column":12},"end":{"line":133,"column":40}}},"branchMap":{"1":{"line":16,"type":"if","locations":[{"start":{"line":16,"column":8},"end":{"line":16,"column":8}},{"start":{"line":16,"column":8},"end":{"line":16,"column":8}}]},"2":{"line":46,"type":"if","locations":[{"start":{"line":46,"column":8},"end":{"line":46,"column":8}},{"start":{"line":46,"column":8},"end":{"line":46,"column":8}}]},"3":{"line":71,"type":"if","locations":[{"start":{"line":71,"column":8},"end":{"line":71,"column":8}},{"start":{"line":71,"column":8},"end":{"line":71,"column":8}}]},"4":{"line":84,"type":"if","locations":[{"start":{"line":84,"column":8},"end":{"line":84,"column":8}},{"start":{"line":84,"column":8},"end":{"line":84,"column":8}}]},"5":{"line":86,"type":"if","locations":[{"start":{"line":86,"column":8},"end":{"line":86,"column":8}},{"start":{"line":86,"column":8},"end":{"line":86,"column":8}}]},"6":{"line":90,"type":"if","locations":[{"start":{"line":90,"column":8},"end":{"line":90,"column":8}},{"start":{"line":90,"column":8},"end":{"line":90,"column":8}}]},"7":{"line":98,"type":"if","locations":[{"start":{"line":98,"column":8},"end":{"line":98,"column":8}},{"start":{"line":98,"column":8},"end":{"line":98,"column":8}}]},"8":{"line":106,"type":"if","locations":[{"start":{"line":106,"column":8},"end":{"line":106,"column":8}},{"start":{"line":106,"column":8},"end":{"line":106,"column":8}}]},"9":{"line":121,"type":"if","locations":[{"start":{"line":121,"column":8},"end":{"line":121,"column":8}},{"start":{"line":121,"column":8},"end":{"line":121,"column":8}}]},"10":{"line":123,"type":"if","locations":[{"start":{"line":123,"column":12},"end":{"line":123,"column":12}},{"start":{"line":123,"column":12},"end":{"line":123,"column":12}}]},"11":{"line":128,"type":"if","locations":[{"start":{"line":128,"column":12},"end":{"line":128,"column":12}},{"start":{"line":128,"column":12},"end":{"line":128,"column":12}}]}}},
"contracts\\PozBenefit.sol":{"l":{"10":19,"11":19,"12":19,"13":19,"22":7,"26":4,"31":1,"39":1,"43":1,"47":1,"51":1,"54":1,"57":1,"61":15,"62":2},"path":"C:\\Users\\Administrator\\Desktop\\Code\\Poolz\\contracts\\PozBenefit.sol","s":{"1":19,"2":19,"3":19,"4":19,"5":7,"6":2,"7":4,"8":2,"9":1,"10":1,"11":1,"12":1,"13":1,"14":1,"15":1,"16":15,"17":13,"18":2},"b":{"1":[5,2],"2":[2,2],"3":[13,2]},"f":{"1":19,"2":7,"3":4,"4":1,"5":1,"6":1,"7":1,"8":1,"9":1,"10":1,"11":15},"fnMap":{"1":{"name":"constructor","line":9,"loc":{"start":{"line":9,"column":4},"end":{"line":14,"column":4}}},"2":{"name":"PercentCheckOk","line":21,"loc":{"start":{"line":21,"column":4},"end":{"line":24,"column":4}}},"3":{"name":"LeftIsBigger","line":25,"loc":{"start":{"line":25,"column":4},"end":{"line":28,"column":4}}},"4":{"name":"GetPozTimer","line":30,"loc":{"start":{"line":30,"column":4},"end":{"line":32,"column":4}}},"5":{"name":"SetPozTimer","line":37,"loc":{"start":{"line":34,"column":4},"end":{"line":40,"column":4}}},"6":{"name":"GetPOZFee","line":42,"loc":{"start":{"line":42,"column":4},"end":{"line":44,"column":4}}},"7":{"name":"GetMinPoz","line":46,"loc":{"start":{"line":46,"column":4},"end":{"line":48,"column":4}}},"8":{"name":"SetMinPoz","line":50,"loc":{"start":{"line":50,"column":4},"end":{"line":52,"column":4}}},"9":{"name":"SetPozAdress","line":53,"loc":{"start":{"line":53,"column":4},"end":{"line":55,"column":4}}},"10":{"name":"AmIPOZInvestor","line":56,"loc":{"start":{"line":56,"column":5},"end":{"line":58,"column":4}}},"11":{"name":"IsPOZInvestor","line":60,"loc":{"start":{"line":60,"column":4},"end":{"line":63,"column":4}}}},"statementMap":{"1":{"start":{"line":10,"column":8},"end":{"line":10,"column":18}},"2":{"start":{"line":11,"column":8},"end":{"line":11,"column":22}},"3":{"start":{"line":12,"column":8},"end":{"line":12,"column":18}},"4":{"start":{"line":13,"column":8},"end":{"line":13,"column":33}},"5":{"start":{"line":22,"column":8},"end":{"line":22,"column":804}},"6":{"start":{"line":23,"column":13},"end":{"line":23,"column":34}},"7":{"start":{"line":26,"column":8},"end":{"line":26,"column":938}},"8":{"start":{"line":27,"column":13},"end":{"line":27,"column":32}},"9":{"start":{"line":31,"column":8},"end":{"line":31,"column":23}},"10":{"start":{"line":39,"column":8},"end":{"line":39,"column":27}},"11":{"start":{"line":43,"column":8},"end":{"line":43,"column":21}},"12":{"start":{"line":47,"column":8},"end":{"line":47,"column":21}},"13":{"start":{"line":51,"column":8},"end":{"line":51,"column":23}},"14":{"start":{"line":54,"column":8},"end":{"line":54,"column":33}},"15":{"start":{"line":57,"column":8},"end":{"line":57,"column":40}},"16":{"start":{"line":61,"column":8},"end":{"line":61,"column":52}},"17":{"start":{"line":61,"column":41},"end":{"line":61,"column":52}},"18":{"start":{"line":62,"column":8},"end":{"line":62,"column":113}}},"branchMap":{"1":{"line":22,"type":"if","locations":[{"start":{"line":22,"column":8},"end":{"line":22,"column":8}},{"start":{"line":22,"column":8},"end":{"line":22,"column":8}}]},"2":{"line":26,"type":"if","locations":[{"start":{"line":26,"column":8},"end":{"line":26,"column":8}},{"start":{"line":26,"column":8},"end":{"line":26,"column":8}}]},"3":{"line":61,"type":"if","locations":[{"start":{"line":61,"column":8},"end":{"line":61,"column":8}},{"start":{"line":61,"column":8},"end":{"line":61,"column":8}}]}}},
"contracts\\TestMainToken.sol":{"l":{"21":3,"22":3,"23":3,"24":3,"26":3,"27":3,"29":3,"33":1,"34":1,"36":1},"path":"C:\\Users\\Administrator\\Desktop\\Code\\Poolz\\contracts\\TestMainToken.sol","s":{"1":3,"2":3,"3":3,"4":3,"5":3,"6":3,"7":3,"8":1,"9":1,"10":1},"b":{},"f":{"1":3,"2":1},"fnMap":{"1":{"name":"constructor","line":20,"loc":{"start":{"line":20,"column":4},"end":{"line":30,"column":4}}},"2":{"name":"FreeTest","line":32,"loc":{"start":{"line":32,"column":4},"end":{"line":37,"column":4}}}},"statementMap":{"1":{"start":{"line":21,"column":8},"end":{"line":21,"column":23}},"2":{"start":{"line":22,"column":8},"end":{"line":22,"column":29}},"3":{"start":{"line":23,"column":8},"end":{"line":23,"column":19}},"4":{"start":{"line":24,"column":8},"end":{"line":24,"column":34}},"5":{"start":{"line":26,"column":8},"end":{"line":26,"column":25}},"6":{"start":{"line":27,"column":8},"end":{"line":27,"column":41}},"7":{"start":{"line":29,"column":8},"end":{"line":29,"column":51}},"8":{"start":{"line":33,"column":8},"end":{"line":33,"column":54}},"9":{"start":{"line":34,"column":8},"end":{"line":34,"column":72}},"10":{"start":{"line":36,"column":8},"end":{"line":36,"column":47}}},"branchMap":{}},
"contracts\\TestToken.sol":{"l":{"21":11,"22":11,"23":11,"24":11,"26":11,"27":11,"29":11,"33":1,"34":1,"36":1},"path":"C:\\Users\\Administrator\\Desktop\\Code\\Poolz\\contracts\\TestToken.sol","s":{"1":11,"2":11,"3":11,"4":11,"5":11,"6":11,"7":11,"8":1,"9":1,"10":1},"b":{},"f":{"1":11,"2":1},"fnMap":{"1":{"name":"constructor","line":20,"loc":{"start":{"line":20,"column":4},"end":{"line":30,"column":4}}},"2":{"name":"FreeTest","line":32,"loc":{"start":{"line":32,"column":4},"end":{"line":37,"column":4}}}},"statementMap":{"1":{"start":{"line":21,"column":8},"end":{"line":21,"column":22}},"2":{"start":{"line":22,"column":8},"end":{"line":22,"column":25}},"3":{"start":{"line":23,"column":8},"end":{"line":23,"column":19}},"4":{"start":{"line":24,"column":8},"end":{"line":24,"column":34}},"5":{"start":{"line":26,"column":8},"end":{"line":26,"column":25}},"6":{"start":{"line":27,"column":8},"end":{"line":27,"column":41}},"7":{"start":{"line":29,"column":8},"end":{"line":29,"column":51}},"8":{"start":{"line":33,"column":8},"end":{"line":33,"column":54}},"9":{"start":{"line":34,"column":8},"end":{"line":34,"column":72}},"10":{"start":{"line":36,"column":8},"end":{"line":36,"column":47}}},"branchMap":{}},
"contracts\\ThePoolz.sol":{"l":{"11":19,"12":19,"19":5,"20":5,"21":5,"22":3,"26":5,"27":5,"28":5,"29":4,"30":4,"36":3,"37":3,"40":5,"41":5,"45":5,"46":5,"47":5,"48":5,"49":5,"52":2,"53":2,"56":5,"57":5},"path":"C:\\Users\\Administrator\\Desktop\\Code\\Poolz\\contracts\\ThePoolz.sol","s":{"1":19,"2":19,"3":5,"4":5,"5":5,"6":2,"7":3,"8":5,"9":5,"10":5,"11":4,"12":4,"13":3,"14":3,"15":5,"16":5,"17":5,"18":5,"19":5,"20":5,"21":5,"22":2,"23":2,"24":5,"25":5},"b":{"1":[2,3],"2":[2,2],"3":[1,3],"4":[2,3],"5":[3,2]},"f":{"1":19,"2":5,"3":5,"4":5},"fnMap":{"1":{"name":"constructor","line":10,"loc":{"start":{"line":10,"column":4},"end":{"line":13,"column":4}}},"2":{"name":"Work","line":18,"loc":{"start":{"line":18,"column":4},"end":{"line":23,"column":4}}},"3":{"name":"WorkForInvestors","line":25,"loc":{"start":{"line":25,"column":4},"end":{"line":42,"column":4}}},"4":{"name":"WorkForProjectOwner","line":44,"loc":{"start":{"line":44,"column":4},"end":{"line":58,"column":4}}}},"statementMap":{"1":{"start":{"line":11,"column":8},"end":{"line":11,"column":24}},"2":{"start":{"line":12,"column":8},"end":{"line":12,"column":28}},"3":{"start":{"line":19,"column":8},"end":{"line":19,"column":40}},"4":{"start":{"line":20,"column":8},"end":{"line":20,"column":43}},"5":{"start":{"line":21,"column":8},"end":{"line":21,"column":61}},"6":{"start":{"line":21,"column":33},"end":{"line":21,"column":60}},"7":{"start":{"line":22,"column":8},"end":{"line":22,"column":24}},"8":{"start":{"line":26,"column":8},"end":{"line":26,"column":28}},"9":{"start":{"line":27,"column":8},"end":{"line":27,"column":28}},"10":{"start":{"line":28,"column":8},"end":{"line":28,"column":827}},"11":{"start":{"line":29,"column":12},"end":{"line":29,"column":53}},"12":{"start":{"line":30,"column":12},"end":{"line":30,"column":971}},"13":{"start":{"line":36,"column":16},"end":{"line":36,"column":31}},"14":{"start":{"line":37,"column":16},"end":{"line":37,"column":36}},"15":{"start":{"line":40,"column":8},"end":{"line":40,"column":50}},"16":{"start":{"line":41,"column":8},"end":{"line":41,"column":23}},"17":{"start":{"line":45,"column":8},"end":{"line":45,"column":28}},"18":{"start":{"line":46,"column":8},"end":{"line":46,"column":28}},"19":{"start":{"line":47,"column":8},"end":{"line":47,"column":1500}},"20":{"start":{"line":48,"column":12},"end":{"line":48,"column":52}},"21":{"start":{"line":49,"column":12},"end":{"line":49,"column":1643}},"22":{"start":{"line":52,"column":16},"end":{"line":52,"column":31}},"23":{"start":{"line":53,"column":16},"end":{"line":53,"column":40}},"24":{"start":{"line":56,"column":8},"end":{"line":56,"column":57}},"25":{"start":{"line":57,"column":8},"end":{"line":57,"column":23}}},"branchMap":{"1":{"line":21,"type":"if","locations":[{"start":{"line":21,"column":8},"end":{"line":21,"column":8}},{"start":{"line":21,"column":8},"end":{"line":21,"column":8}}]},"2":{"line":29,"type":"if","locations":[{"start":{"line":29,"column":12},"end":{"line":29,"column":12}},{"start":{"line":29,"column":12},"end":{"line":29,"column":12}}]},"3":{"line":30,"type":"if","locations":[{"start":{"line":30,"column":12},"end":{"line":30,"column":12}},{"start":{"line":30,"column":12},"end":{"line":30,"column":12}}]},"4":{"line":48,"type":"if","locations":[{"start":{"line":48,"column":12},"end":{"line":48,"column":12}},{"start":{"line":48,"column":12},"end":{"line":48,"column":12}}]},"5":{"line":49,"type":"if","locations":[{"start":{"line":49,"column":12},"end":{"line":49,"column":12}},{"start":{"line":49,"column":12},"end":{"line":49,"column":12}}]}}}}
