TN:
SF:C:\Users\Administrator\Desktop\Code\Poolz\contracts\ERC20Helper.sol
FN:10,TestAllownce
FN:18,TransferToken
FN:26,CheckBalance
FN:29,TransferInToken
FN:33,IsERC20
FNF:5
FNH:5
FNDA:15,TestAllownce
FNDA:11,TransferToken
FNDA:2,CheckBalance
FNDA:13,TransferInToken
FNDA:21,IsERC20
DA:15,15
DA:23,11
DA:24,11
DA:27,2
DA:30,13
DA:31,13
DA:34,21
DA:35,0
LF:8
LH:7
BRDA:15,1,0,13
BRDA:15,1,1,2
BRDA:34,2,0,19
BRDA:34,2,1,0
BRF:4
BRH:3
end_of_record
TN:
SF:C:\Users\Administrator\Desktop\Code\Poolz\contracts\ETHHelper.sol
FN:7,constructor
FN:11,ReceivETH
FN:19,
FN:29,GetIsPayble
FN:35,SwitchIsPayble
FN:39,GetMinETH
FN:43,SetMinETH
FN:47,TransferETH
FNF:8
FNH:8
FNDA:19,constructor
FNDA:11,ReceivETH
FNDA:3,
FNDA:1,GetIsPayble
FNDA:1,SwitchIsPayble
FNDA:1,GetMinETH
FNDA:1,SetMinETH
FNDA:5,TransferETH
DA:8,19
DA:9,19
DA:12,11
DA:13,9
DA:14,9
DA:20,3
DA:30,1
DA:37,1
DA:40,1
DA:44,1
DA:48,5
DA:49,5
LF:12
LH:12
BRDA:12,1,0,9
BRDA:12,1,1,2
BRDA:20,2,0,2
BRDA:20,2,1,1
BRF:4
BRH:4
end_of_record
TN:
SF:C:\Users\Administrator\Desktop\Code\Poolz\contracts\Invest.sol
FN:9,constructor
FN:31,InvestETH
FN:107,InvestERC20
FNF:3
FNH:3
FNDA:19,constructor
FNDA:9,InvestETH
FNDA:4,InvestERC20
DA:10,19
DA:33,9
DA:34,9
DA:35,9
DA:43,9
DA:44,9
DA:45,9
DA:46,9
DA:47,9
DA:48,0
DA:49,0
DA:51,9
DA:57,0
DA:61,0
DA:62,0
DA:68,0
DA:70,0
DA:74,0
DA:75,0
DA:76,0
DA:82,5
DA:86,5
DA:87,2
DA:93,3
DA:95,5
DA:99,5
DA:100,5
DA:101,5
DA:104,4
DA:108,4
DA:109,4
DA:113,4
DA:114,4
DA:115,4
DA:123,4
DA:124,4
DA:125,4
DA:126,4
DA:127,4
DA:128,0
DA:129,0
DA:131,4
DA:137,1
DA:141,1
DA:142,0
DA:148,1
DA:150,1
DA:151,1
DA:152,1
DA:156,1
DA:161,1
DA:162,1
DA:168,1
DA:172,1
DA:173,1
DA:179,0
DA:181,1
DA:185,1
DA:189,1
DA:193,1
DA:198,1
DA:199,1
DA:202,2
LF:63
LH:49
BRDA:33,1,0,9
BRDA:33,1,1,0
BRDA:34,2,0,9
BRDA:34,2,1,0
BRDA:47,3,0,0
BRDA:47,3,1,9
BRDA:51,4,0,0
BRDA:51,4,1,9
BRDA:61,5,0,0
BRDA:61,5,1,0
BRDA:75,6,0,0
BRDA:75,6,1,0
BRDA:77,7,0,5
BRDA:77,7,1,4
BRDA:86,8,0,2
BRDA:86,8,1,3
BRDA:100,9,0,2
BRDA:100,9,1,3
BRDA:108,10,0,4
BRDA:108,10,1,0
BRDA:109,11,0,4
BRDA:109,11,1,0
BRDA:113,12,0,4
BRDA:113,12,1,0
BRDA:127,13,0,0
BRDA:127,13,1,4
BRDA:131,14,0,1
BRDA:131,14,1,3
BRDA:141,15,0,0
BRDA:141,15,1,1
BRDA:161,16,0,0
BRDA:161,16,1,1
BRDA:163,17,0,1
BRDA:163,17,1,2
BRDA:172,18,0,1
BRDA:172,18,1,0
BRDA:198,19,0,1
BRDA:198,19,1,0
BRF:38
BRH:22
end_of_record
TN:
SF:C:\Users\Administrator\Desktop\Code\Poolz\contracts\InvestorData.sol
FN:8,WithdrawInvestment
FN:30,GetMyInvestmentIds
FN:34,GetInvestmentData
FNF:3
FNH:3
FNDA:5,WithdrawInvestment
FNDA:1,GetMyInvestmentIds
FNDA:2,GetInvestmentData
DA:9,5
DA:14,2
DA:19,2
DA:23,2
DA:24,2
DA:26,3
DA:31,1
DA:46,2
DA:50,1
LF:9
LH:9
BRDA:9,1,0,2
BRDA:9,1,1,3
BRDA:46,2,0,1
BRDA:46,2,1,1
BRF:4
BRH:4
end_of_record
TN:
SF:C:\Users\Administrator\Desktop\Code\Poolz\contracts\IPozBenefit.sol
FNF:0
FNH:0
LF:0
LH:0
BRF:0
BRH:0
end_of_record
TN:
SF:C:\Users\Administrator\Desktop\Code\Poolz\contracts\MainCoinManager.sol
FN:14,AddERC20Maincoin
FN:19,RemoveERC20Maincoin
FN:24,IsERC20Maincoin
FNF:3
FNH:3
FNDA:5,AddERC20Maincoin
FNDA:2,RemoveERC20Maincoin
FNDA:9,IsERC20Maincoin
DA:15,5
DA:16,5
DA:20,2
DA:21,2
DA:25,9
LF:5
LH:5
BRF:0
BRH:0
end_of_record
TN:
SF:C:\Users\Administrator\Desktop\Code\Poolz\contracts\Manageable.sol
FN:8,constructor
FN:20,GetMinDuration
FN:24,SetMinDuration
FN:28,GetPoolPrice
FN:34,SetPoolPrice
FN:39,GetFee
FN:47,SetFee
FN:56,SetPOZFee
FN:61,WithdrawETHFee
FN:65,WithdrawERC20Fee
FNF:10
FNH:10
FNDA:19,constructor
FNDA:1,GetMinDuration
FNDA:1,SetMinDuration
FNDA:1,GetPoolPrice
FNDA:1,SetPoolPrice
FNDA:1,GetFee
FNDA:1,SetFee
FNDA:1,SetPOZFee
FNDA:1,WithdrawETHFee
FNDA:1,WithdrawERC20Fee
DA:9,19
DA:10,19
DA:11,19
DA:21,1
DA:25,1
DA:29,1
DA:36,1
DA:40,1
DA:49,1
DA:58,1
DA:62,1
DA:66,1
DA:67,1
LF:13
LH:13
BRF:0
BRH:0
end_of_record
TN:
SF:C:\Users\Administrator\Desktop\Code\Poolz\contracts\Pools.sol
FN:12,constructor
FN:36,GetLastPoolId
FN:49,CreatePool
FNF:3
FNH:3
FNDA:19,constructor
FNDA:3,GetLastPoolId
FNDA:23,CreatePool
DA:13,19
DA:37,3
DA:50,23
DA:51,21
DA:52,19
DA:56,17
DA:60,15
DA:64,13
DA:65,11
DA:66,9
DA:79,9
DA:95,9
DA:96,9
DA:97,9
LF:14
LH:14
BRDA:50,1,0,21
BRDA:50,1,1,2
BRDA:51,2,0,19
BRDA:51,2,1,2
BRDA:52,3,0,17
BRDA:52,3,1,2
BRDA:56,4,0,15
BRDA:56,4,1,2
BRDA:60,5,0,13
BRDA:60,5,1,2
BRDA:64,6,0,11
BRDA:64,6,1,2
BRF:12
BRH:12
end_of_record
TN:
SF:C:\Users\Administrator\Desktop\Code\Poolz\contracts\PoolsData.sol
FN:9,GetMyPoolsId
FN:14,WithdrawLeftOvers
FN:33,GetPoolData
FN:59,GetMorePoolData
FN:83,GetPoolStatus
FNF:5
FNH:5
FNDA:2,GetMyPoolsId
FNDA:7,WithdrawLeftOvers
FNDA:2,GetPoolData
FNDA:2,GetMorePoolData
FNDA:44,GetPoolStatus
DA:10,2
DA:16,7
DA:21,3
DA:22,3
DA:27,3
DA:29,4
DA:46,2
DA:47,1
DA:71,2
DA:72,1
DA:84,44
DA:86,43
DA:88,1
DA:90,42
DA:96,12
DA:98,30
DA:104,11
DA:106,19
DA:110,1
DA:121,18
DA:123,2
DA:124,1
DA:128,16
DA:133,8
LF:24
LH:24
BRDA:16,1,0,3
BRDA:16,1,1,4
BRDA:46,2,0,1
BRDA:46,2,1,1
BRDA:71,3,0,1
BRDA:71,3,1,1
BRDA:84,4,0,43
BRDA:84,4,1,1
BRDA:86,5,0,1
BRDA:86,5,1,42
BRDA:90,6,0,12
BRDA:90,6,1,30
BRDA:98,7,0,11
BRDA:98,7,1,19
BRDA:106,8,0,1
BRDA:106,8,1,18
BRDA:121,9,0,2
BRDA:121,9,1,16
BRDA:123,10,0,1
BRDA:123,10,1,1
BRDA:128,11,0,8
BRDA:128,11,1,8
BRF:22
BRH:22
end_of_record
TN:
SF:C:\Users\Administrator\Desktop\Code\Poolz\contracts\PozBenefit.sol
FN:9,constructor
FN:21,PercentCheckOk
FN:25,LeftIsBigger
FN:30,GetPozTimer
FN:37,SetPozTimer
FN:42,GetPOZFee
FN:46,GetMinPoz
FN:50,SetMinPoz
FN:53,SetPozAdress
FN:56,AmIPOZInvestor
FN:60,IsPOZInvestor
FNF:11
FNH:11
FNDA:19,constructor
FNDA:7,PercentCheckOk
FNDA:4,LeftIsBigger
FNDA:1,GetPozTimer
FNDA:1,SetPozTimer
FNDA:1,GetPOZFee
FNDA:1,GetMinPoz
FNDA:1,SetMinPoz
FNDA:1,SetPozAdress
FNDA:1,AmIPOZInvestor
FNDA:15,IsPOZInvestor
DA:10,19
DA:11,19
DA:12,19
DA:13,19
DA:22,7
DA:26,4
DA:31,1
DA:39,1
DA:43,1
DA:47,1
DA:51,1
DA:54,1
DA:57,1
DA:61,15
DA:62,2
LF:15
LH:15
BRDA:22,1,0,5
BRDA:22,1,1,2
BRDA:26,2,0,2
BRDA:26,2,1,2
BRDA:61,3,0,13
BRDA:61,3,1,2
BRF:6
BRH:6
end_of_record
TN:
SF:C:\Users\Administrator\Desktop\Code\Poolz\contracts\TestMainToken.sol
FN:20,constructor
FN:32,FreeTest
FNF:2
FNH:2
FNDA:3,constructor
FNDA:1,FreeTest
DA:21,3
DA:22,3
DA:23,3
DA:24,3
DA:26,3
DA:27,3
DA:29,3
DA:33,1
DA:34,1
DA:36,1
LF:10
LH:10
BRF:0
BRH:0
end_of_record
TN:
SF:C:\Users\Administrator\Desktop\Code\Poolz\contracts\TestToken.sol
FN:20,constructor
FN:32,FreeTest
FNF:2
FNH:2
FNDA:11,constructor
FNDA:1,FreeTest
DA:21,11
DA:22,11
DA:23,11
DA:24,11
DA:26,11
DA:27,11
DA:29,11
DA:33,1
DA:34,1
DA:36,1
LF:10
LH:10
BRF:0
BRH:0
end_of_record
TN:
SF:C:\Users\Administrator\Desktop\Code\Poolz\contracts\ThePoolz.sol
FN:10,constructor
FN:18,Work
FN:25,WorkForInvestors
FN:44,WorkForProjectOwner
FNF:4
FNH:4
FNDA:19,constructor
FNDA:5,Work
FNDA:5,WorkForInvestors
FNDA:5,WorkForProjectOwner
DA:11,19
DA:12,19
DA:19,5
DA:20,5
DA:21,5
DA:22,3
DA:26,5
DA:27,5
DA:28,5
DA:29,4
DA:30,4
DA:36,3
DA:37,3
DA:40,5
DA:41,5
DA:45,5
DA:46,5
DA:47,5
DA:48,5
DA:49,5
DA:52,2
DA:53,2
DA:56,5
DA:57,5
LF:24
LH:24
BRDA:21,1,0,2
BRDA:21,1,1,3
BRDA:29,2,0,2
BRDA:29,2,1,2
BRDA:30,3,0,1
BRDA:30,3,1,3
BRDA:48,4,0,2
BRDA:48,4,1,3
BRDA:49,5,0,3
BRDA:49,5,1,2
BRF:10
BRH:10
end_of_record
