TN:
SF:C:\Users\Administrator\Desktop\Code\Poolz\contracts\ERC20Helper.sol
FN:10,TestAllownce
FN:18,TransferToken
FN:26,CheckBalance
FN:29,TransferInToken
FN:33,IsERC20
FNF:5
FNH:4
FNDA:7,TestAllownce
FNDA:3,TransferToken
FNDA:0,CheckBalance
FNDA:5,TransferInToken
FNDA:4,IsERC20
DA:15,7
DA:23,3
DA:24,3
DA:27,0
DA:30,5
DA:31,5
DA:34,4
DA:35,0
LF:8
LH:6
BRDA:15,1,0,5
BRDA:15,1,1,2
BRDA:34,2,0,4
BRDA:34,2,1,0
BRF:4
BRH:3
end_of_record
TN:
SF:C:\Users\Administrator\Desktop\Code\Poolz\contracts\ETHHelper.sol
FN:7,constructor
FN:11,ReceivETH
FN:19,
FN:29,GetIsPayble
FN:35,SwitchIsPayble
FN:39,GetMinETH
FN:43,SetMinETH
FN:47,TransferETH
FNF:8
FNH:8
FNDA:4,constructor
FNDA:2,ReceivETH
FNDA:3,
FNDA:1,GetIsPayble
FNDA:1,SwitchIsPayble
FNDA:1,GetMinETH
FNDA:1,SetMinETH
FNDA:2,TransferETH
DA:8,4
DA:9,4
DA:12,2
DA:13,2
DA:14,2
DA:20,3
DA:30,1
DA:37,1
DA:40,1
DA:44,1
DA:48,2
DA:49,2
LF:12
LH:12
BRDA:12,1,0,2
BRDA:12,1,1,0
BRDA:20,2,0,2
BRDA:20,2,1,1
BRF:4
BRH:3
end_of_record
TN:
SF:C:\Users\Administrator\Desktop\Code\Poolz\contracts\Invest.sol
FN:9,constructor
FN:30,InvestETH
FN:106,InvestERC20
FNF:3
FNH:3
FNDA:4,constructor
FNDA:2,InvestETH
FNDA:3,InvestERC20
DA:10,4
DA:32,2
DA:33,2
DA:34,2
DA:42,2
DA:43,2
DA:44,2
DA:45,2
DA:46,2
DA:52,0
DA:56,0
DA:57,0
DA:63,0
DA:65,0
DA:69,0
DA:70,0
DA:71,0
DA:78,2
DA:82,2
DA:83,0
DA:89,2
DA:91,2
DA:95,2
DA:99,2
DA:100,2
DA:103,0
DA:107,3
DA:108,3
DA:112,3
DA:113,3
DA:114,3
DA:122,3
DA:123,3
DA:124,3
DA:125,3
DA:126,3
DA:132,0
DA:136,0
DA:137,0
DA:143,0
DA:145,0
DA:149,0
DA:150,0
DA:151,0
DA:156,0
DA:157,0
DA:163,1
DA:167,1
DA:168,1
DA:174,0
DA:176,1
DA:180,1
DA:181,1
DA:182,1
DA:187,1
DA:188,1
DA:191,2
LF:57
LH:36
BRDA:32,1,0,2
BRDA:32,1,1,0
BRDA:33,2,0,2
BRDA:33,2,1,0
BRDA:46,3,0,0
BRDA:46,3,1,2
BRDA:56,4,0,0
BRDA:56,4,1,0
BRDA:70,5,0,0
BRDA:70,5,1,0
BRDA:73,6,0,2
BRDA:73,6,1,0
BRDA:82,7,0,0
BRDA:82,7,1,2
BRDA:99,8,0,0
BRDA:99,8,1,2
BRDA:107,9,0,3
BRDA:107,9,1,0
BRDA:108,10,0,3
BRDA:108,10,1,0
BRDA:112,11,0,3
BRDA:112,11,1,0
BRDA:126,12,0,0
BRDA:126,12,1,3
BRDA:136,13,0,0
BRDA:136,13,1,0
BRDA:156,14,0,0
BRDA:156,14,1,0
BRDA:158,15,0,1
BRDA:158,15,1,2
BRDA:167,16,0,1
BRDA:167,16,1,0
BRDA:187,17,0,1
BRDA:187,17,1,0
BRF:34
BRH:14
end_of_record
TN:
SF:C:\Users\Administrator\Desktop\Code\Poolz\contracts\InvestorData.sol
FN:8,WithdrawInvestment
FN:30,GetMyInvestmentIds
FN:34,GetInvestmentData
FNF:3
FNH:3
FNDA:5,WithdrawInvestment
FNDA:1,GetMyInvestmentIds
FNDA:2,GetInvestmentData
DA:9,5
DA:14,0
DA:19,0
DA:23,0
DA:24,0
DA:26,5
DA:31,1
DA:46,2
DA:50,1
LF:9
LH:5
BRDA:9,1,0,0
BRDA:9,1,1,5
BRDA:46,2,0,1
BRDA:46,2,1,1
BRF:4
BRH:3
end_of_record
TN:
SF:C:\Users\Administrator\Desktop\Code\Poolz\contracts\IPozBenefit.sol
FNF:0
FNH:0
LF:0
LH:0
BRF:0
BRH:0
end_of_record
TN:
SF:C:\Users\Administrator\Desktop\Code\Poolz\contracts\MainCoinManager.sol
FN:14,AddERC20Maincoin
FN:19,RemoveERC20Maincoin
FN:24,IsERC20Maincoin
FNF:3
FNH:3
FNDA:3,AddERC20Maincoin
FNDA:1,RemoveERC20Maincoin
FNDA:6,IsERC20Maincoin
DA:15,3
DA:16,3
DA:20,1
DA:21,1
DA:25,6
LF:5
LH:5
BRF:0
BRH:0
end_of_record
TN:
SF:C:\Users\Administrator\Desktop\Code\Poolz\contracts\Managable.sol
FN:8,constructor
FN:17,TimerCheckOk
FN:21,GetMinDuration
FN:25,SetMinDuration
FN:28,GetFee
FN:34,SetFee
FN:42,SetPOZFee
FN:47,WithdrawETHFee
FN:51,WithdrawERC20Fee
FNF:9
FNH:8
FNDA:4,constructor
FNDA:0,TimerCheckOk
FNDA:1,GetMinDuration
FNDA:1,SetMinDuration
FNDA:1,GetFee
FNDA:1,SetFee
FNDA:1,SetPOZFee
FNDA:1,WithdrawETHFee
FNDA:1,WithdrawERC20Fee
DA:9,4
DA:10,4
DA:18,0
DA:22,1
DA:26,1
DA:29,1
DA:35,1
DA:44,1
DA:48,1
DA:52,1
DA:53,1
LF:11
LH:10
BRF:0
BRH:0
end_of_record
TN:
SF:C:\Users\Administrator\Desktop\Code\Poolz\contracts\Pools.sol
FN:12,constructor
FN:35,GetLastPoolId
FN:40,CreatePool
FNF:3
FNH:3
FNDA:4,constructor
FNDA:2,GetLastPoolId
FNDA:4,CreatePool
DA:13,4
DA:36,2
DA:49,4
DA:50,4
DA:54,4
DA:55,4
DA:59,4
DA:60,2
DA:73,2
DA:88,2
DA:89,2
DA:90,2
LF:12
LH:12
BRDA:49,1,0,4
BRDA:49,1,1,0
BRDA:50,2,0,4
BRDA:50,2,1,0
BRDA:54,3,0,4
BRDA:54,3,1,0
BRDA:55,4,0,4
BRDA:55,4,1,0
BRF:8
BRH:4
end_of_record
TN:
SF:C:\Users\Administrator\Desktop\Code\Poolz\contracts\PoolsData.sol
FN:9,GetMyPoolsId
FN:14,WithdrawLeftOvers
FN:33,GetPoolData
FN:59,GetMorePoolData
FN:78,GetPoolStatus
FNF:5
FNH:5
FNDA:2,GetMyPoolsId
FNDA:5,WithdrawLeftOvers
FNDA:1,GetPoolData
FNDA:1,GetMorePoolData
FNDA:17,GetPoolStatus
DA:10,2
DA:16,5
DA:21,0
DA:22,0
DA:27,0
DA:29,5
DA:46,1
DA:47,1
DA:69,1
DA:79,17
DA:81,17
DA:83,0
DA:85,17
DA:91,6
DA:93,11
DA:99,11
DA:101,0
DA:105,0
DA:107,0
DA:113,0
DA:115,0
DA:117,0
DA:118,0
DA:120,0
DA:122,0
DA:127,0
LF:26
LH:12
BRDA:16,1,0,0
BRDA:16,1,1,5
BRDA:46,2,0,1
BRDA:46,2,1,0
BRDA:79,3,0,17
BRDA:79,3,1,0
BRDA:81,4,0,0
BRDA:81,4,1,17
BRDA:85,5,0,6
BRDA:85,5,1,11
BRDA:93,6,0,11
BRDA:93,6,1,0
BRDA:101,7,0,0
BRDA:101,7,1,0
BRDA:107,8,0,0
BRDA:107,8,1,0
BRDA:115,9,0,0
BRDA:115,9,1,0
BRDA:117,10,0,0
BRDA:117,10,1,0
BRDA:120,11,0,0
BRDA:120,11,1,0
BRDA:122,12,0,0
BRDA:122,12,1,0
BRF:24
BRH:7
end_of_record
TN:
SF:C:\Users\Administrator\Desktop\Code\Poolz\contracts\PozBenefit.sol
FN:9,constructor
FN:21,PercentCheckOk
FN:25,LeftIsBigger
FN:30,GetPozTimer
FN:37,SetPozTimer
FN:42,GetPOZFee
FN:46,GetMinPoz
FN:50,SetMinPoz
FN:54,IsPOZInvestor
FNF:9
FNH:9
FNDA:4,constructor
FNDA:7,PercentCheckOk
FNDA:4,LeftIsBigger
FNDA:1,GetPozTimer
FNDA:1,SetPozTimer
FNDA:1,GetPOZFee
FNDA:1,GetMinPoz
FNDA:1,SetMinPoz
FNDA:5,IsPOZInvestor
DA:10,4
DA:11,4
DA:12,4
DA:13,4
DA:22,7
DA:26,4
DA:31,1
DA:39,1
DA:43,1
DA:47,1
DA:51,1
DA:55,5
DA:56,0
LF:13
LH:12
BRDA:22,1,0,5
BRDA:22,1,1,2
BRDA:26,2,0,2
BRDA:26,2,1,2
BRDA:55,3,0,5
BRDA:55,3,1,0
BRF:6
BRH:5
end_of_record
TN:
SF:C:\Users\Administrator\Desktop\Code\Poolz\contracts\TestMainToken.sol
FN:19,constructor
FNF:1
FNH:1
FNDA:3,constructor
DA:20,3
DA:21,3
DA:22,3
DA:23,3
DA:25,3
DA:26,3
DA:28,3
LF:7
LH:7
BRF:0
BRH:0
end_of_record
TN:
SF:C:\Users\Administrator\Desktop\Code\Poolz\contracts\TestToken.sol
FN:19,constructor
FNF:1
FNH:1
FNDA:4,constructor
DA:20,4
DA:21,4
DA:22,4
DA:23,4
DA:25,4
DA:26,4
DA:28,4
LF:7
LH:7
BRF:0
BRH:0
end_of_record
TN:
SF:C:\Users\Administrator\Desktop\Code\Poolz\contracts\ThePoolz.sol
FN:10,constructor
FN:18,Work
FN:25,WorkForInvestors
FN:44,WorkForProjectOwner
FNF:4
FNH:4
FNDA:4,constructor
FNDA:2,Work
FNDA:2,WorkForInvestors
FNDA:2,WorkForProjectOwner
DA:11,4
DA:12,4
DA:19,2
DA:20,2
DA:21,2
DA:22,0
DA:26,2
DA:27,2
DA:28,2
DA:29,4
DA:30,4
DA:36,4
DA:37,4
DA:40,2
DA:41,2
DA:45,2
DA:46,2
DA:47,2
DA:48,4
DA:49,4
DA:52,4
DA:53,4
DA:56,2
DA:57,2
LF:24
LH:23
BRDA:21,1,0,2
BRDA:21,1,1,0
BRDA:29,2,0,0
BRDA:29,2,1,4
BRDA:30,3,0,0
BRDA:30,3,1,4
BRDA:48,4,0,0
BRDA:48,4,1,4
BRDA:49,5,0,0
BRDA:49,5,1,4
BRF:10
BRH:5
end_of_record
